2024-09-06 17:54:53,707 - ERROR - An error occurred during file conversion or processing T:/Vishal/Vishal Daily use/INventrory check/po file\POAdherenceReport_TATA_PCBU_AKAR_FOURWHEEL_Jaipur_August_2024_06_09_2024.xls: Missing optional dependency 'xlrd'. Install xlrd >= 2.0.1 for xls Excel support Use pip or conda to install xlrd.
2024-09-06 17:55:06,395 - ERROR - An error occurred during file conversion or processing T:/Vishal/Vishal Daily use/INventrory check/po file\POAdherenceReport_TATA_PCBU_AKAR_FOURWHEEL_Jaipur_EV_August_2024_06_09_2024.xls: Missing optional dependency 'xlrd'. Install xlrd >= 2.0.1 for xls Excel support Use pip or conda to install xlrd.
2024-09-06 17:55:07,221 - ERROR - An error occurred during file conversion or processing T:/Vishal/Vishal Daily use/INventrory check/po file\POAdherenceReport_TATA_PCBU_ANAND_MOTOREN_PRIVATE_LIMITED_Chhatarpur_August_2024_06_09_2024.xls: Missing optional dependency 'xlrd'. Install xlrd >= 2.0.1 for xls Excel support Use pip or conda to install xlrd.
2024-09-06 17:55:07,892 - ERROR - An error occurred during file conversion or processing T:/Vishal/Vishal Daily use/INventrory check/po file\POAdherenceReport_TATA_PCBU_ANAND_MOTOREN_PRIVATE_LIMITED_Sagar_August_2024_06_09_2024.xls: Missing optional dependency 'xlrd'. Install xlrd >= 2.0.1 for xls Excel support Use pip or conda to install xlrd.
2024-09-06 17:55:08,345 - ERROR - An error occurred during file conversion or processing T:/Vishal/Vishal Daily use/INventrory check/po file\POAdherenceReport_TATA_PCBU_ANAND_MOTOREN_PRIVATE_LIMITED_Sagar_EV_August_2024_06_09_2024.xls: Missing optional dependency 'xlrd'. Install xlrd >= 2.0.1 for xls Excel support Use pip or conda to install xlrd.
2024-09-06 17:55:08,592 - ERROR - An error occurred during file conversion or processing T:/Vishal/Vishal Daily use/INventrory check/po file\POAdherenceReport_TATA_PCBU_Basudeb_Auto_Ltd_Chano_August_2024_06_09_2024.xls: Missing optional dependency 'xlrd'. Install xlrd >= 2.0.1 for xls Excel support Use pip or conda to install xlrd.
2024-09-06 17:55:08,845 - ERROR - An error occurred during file conversion or processing T:/Vishal/Vishal Daily use/INventrory check/po file\POAdherenceReport_TATA_PCBU_Basudeb_Auto_Ltd_Hazaribagh_August_2024_06_09_2024.xls: Missing optional dependency 'xlrd'. Install xlrd >= 2.0.1 for xls Excel support Use pip or conda to install xlrd.
2024-09-06 17:55:09,075 - ERROR - An error occurred during file conversion or processing T:/Vishal/Vishal Daily use/INventrory check/po file\POAdherenceReport_TATA_PCBU_Basudeb_Auto_Ltd_Ranchi_August_2024_06_09_2024.xls: Missing optional dependency 'xlrd'. Install xlrd >= 2.0.1 for xls Excel support Use pip or conda to install xlrd.
2024-09-06 17:55:09,428 - ERROR - An error occurred during file conversion or processing T:/Vishal/Vishal Daily use/INventrory check/po file\POAdherenceReport_TATA_PCBU_Basudeb_Auto_Ltd_Ranchi_EV_August_2024_06_09_2024.xls: Missing optional dependency 'xlrd'. Install xlrd >= 2.0.1 for xls Excel support Use pip or conda to install xlrd.
2024-09-06 17:55:09,637 - ERROR - An error occurred during file conversion or processing T:/Vishal/Vishal Daily use/INventrory check/po file\POAdherenceReport_TATA_PCBU_Bimal_Cars_Dhubri_August_2024_06_09_2024.xls: Missing optional dependency 'xlrd'. Install xlrd >= 2.0.1 for xls Excel support Use pip or conda to install xlrd.
2024-09-06 17:55:09,930 - ERROR - An error occurred during file conversion or processing T:/Vishal/Vishal Daily use/INventrory check/po file\POAdherenceReport_TATA_PCBU_Bimal_Cars_Guwahati_August_2024_06_09_2024.xls: Missing optional dependency 'xlrd'. Install xlrd >= 2.0.1 for xls Excel support Use pip or conda to install xlrd.
2024-09-06 17:55:10,191 - ERROR - An error occurred during file conversion or processing T:/Vishal/Vishal Daily use/INventrory check/po file\POAdherenceReport_TATA_PCBU_Classic_Motors_Alwar_August_2024_05_09_2024.xls: Missing optional dependency 'xlrd'. Install xlrd >= 2.0.1 for xls Excel support Use pip or conda to install xlrd.
2024-09-06 17:55:10,481 - ERROR - An error occurred during file conversion or processing T:/Vishal/Vishal Daily use/INventrory check/po file\POAdherenceReport_TATA_PCBU_Classic_Motors_Alwar_EV_August_2024_05_09_2024.xls: Missing optional dependency 'xlrd'. Install xlrd >= 2.0.1 for xls Excel support Use pip or conda to install xlrd.
2024-09-06 17:55:10,728 - ERROR - An error occurred during file conversion or processing T:/Vishal/Vishal Daily use/INventrory check/po file\POAdherenceReport_TATA_PCBU_Classic_Motors_Bhiwadi_August_2024_05_09_2024.xls: Missing optional dependency 'xlrd'. Install xlrd >= 2.0.1 for xls Excel support Use pip or conda to install xlrd.
2024-09-06 17:55:10,999 - ERROR - An error occurred during file conversion or processing T:/Vishal/Vishal Daily use/INventrory check/po file\POAdherenceReport_TATA_PCBU_Classic_Motors_Bhiwadi_EV_August_2024_05_09_2024.xls: Missing optional dependency 'xlrd'. Install xlrd >= 2.0.1 for xls Excel support Use pip or conda to install xlrd.
2024-09-06 17:55:11,302 - ERROR - An error occurred during file conversion or processing T:/Vishal/Vishal Daily use/INventrory check/po file\POAdherenceReport_TATA_PCBU_Ganganagar_Automobiles_Pvt_Ltd_Cherish_August_2024_04_09_2024.xls: Missing optional dependency 'xlrd'. Install xlrd >= 2.0.1 for xls Excel support Use pip or conda to install xlrd.
2024-09-06 17:55:11,734 - ERROR - An error occurred during file conversion or processing T:/Vishal/Vishal Daily use/INventrory check/po file\POAdherenceReport_TATA_PCBU_Ganganagar_Automobiles_Pvt_Ltd_Cherish_EV_August_2024_04_09_2024.xls: Missing optional dependency 'xlrd'. Install xlrd >= 2.0.1 for xls Excel support Use pip or conda to install xlrd.
2024-09-06 17:55:12,048 - ERROR - An error occurred during file conversion or processing T:/Vishal/Vishal Daily use/INventrory check/po file\POAdherenceReport_TATA_PCBU_KD_Motor_Nanakganj_August_2024_04_09_2024.xls: Missing optional dependency 'xlrd'. Install xlrd >= 2.0.1 for xls Excel support Use pip or conda to install xlrd.
2024-09-06 17:55:12,289 - ERROR - An error occurred during file conversion or processing T:/Vishal/Vishal Daily use/INventrory check/po file\POAdherenceReport_TATA_PCBU_KD_Motor_Shahjahanpur_August_2024_04_09_2024.xls: Missing optional dependency 'xlrd'. Install xlrd >= 2.0.1 for xls Excel support Use pip or conda to install xlrd.
2024-09-06 17:55:12,546 - ERROR - An error occurred during file conversion or processing T:/Vishal/Vishal Daily use/INventrory check/po file\POAdherenceReport_TATA_PCBU_Lexus_Motors_Barasat_August_2024_06_09_2024.xls: Missing optional dependency 'xlrd'. Install xlrd >= 2.0.1 for xls Excel support Use pip or conda to install xlrd.
2024-09-06 17:55:12,778 - ERROR - An error occurred during file conversion or processing T:/Vishal/Vishal Daily use/INventrory check/po file\POAdherenceReport_TATA_PCBU_Lexus_Motors_Nalmuri_August_2024_06_09_2024.xls: Missing optional dependency 'xlrd'. Install xlrd >= 2.0.1 for xls Excel support Use pip or conda to install xlrd.
2024-09-06 17:55:13,083 - ERROR - An error occurred during file conversion or processing T:/Vishal/Vishal Daily use/INventrory check/po file\POAdherenceReport_TATA_PCBU_Lexus_Motors_Nalmuri_EV_August_2024_06_09_2024.xls: Missing optional dependency 'xlrd'. Install xlrd >= 2.0.1 for xls Excel support Use pip or conda to install xlrd.
2024-09-06 17:55:13,327 - ERROR - An error occurred during file conversion or processing T:/Vishal/Vishal Daily use/INventrory check/po file\POAdherenceReport_TATA_PCBU_Lexus_Motors_singur_August_2024_06_09_2024.xls: Missing optional dependency 'xlrd'. Install xlrd >= 2.0.1 for xls Excel support Use pip or conda to install xlrd.
2024-09-06 17:55:13,582 - ERROR - An error occurred during file conversion or processing T:/Vishal/Vishal Daily use/INventrory check/po file\POAdherenceReport_TATA_PCBU_Roshan_PCBU_MIA_August_2024_06_09_2024.xls: Missing optional dependency 'xlrd'. Install xlrd >= 2.0.1 for xls Excel support Use pip or conda to install xlrd.
2024-09-06 17:55:13,801 - ERROR - An error occurred during file conversion or processing T:/Vishal/Vishal Daily use/INventrory check/po file\POAdherenceReport_TATA_PCBU_Roshan_PCBU_VKIA_August_2024_06_09_2024.xls: Missing optional dependency 'xlrd'. Install xlrd >= 2.0.1 for xls Excel support Use pip or conda to install xlrd.
2024-09-06 17:55:14,186 - ERROR - An error occurred during file conversion or processing T:/Vishal/Vishal Daily use/INventrory check/po file\POAdherenceReport_TATA_PCBU_Smam_Automart_Jammu_August_2024_06_09_2024.xls: Missing optional dependency 'xlrd'. Install xlrd >= 2.0.1 for xls Excel support Use pip or conda to install xlrd.
2024-09-06 17:55:14,637 - ERROR - An error occurred during file conversion or processing T:/Vishal/Vishal Daily use/INventrory check/po file\POAdherenceReport_TATA_PCBU_Smam_Automart_Kathua_August_2024_06_09_2024.xls: Missing optional dependency 'xlrd'. Install xlrd >= 2.0.1 for xls Excel support Use pip or conda to install xlrd.
2024-09-06 17:55:14,939 - ERROR - An error occurred during file conversion or processing T:/Vishal/Vishal Daily use/INventrory check/po file\POAdherenceReport_TATA_PCBU_Smam_Automart_Samba_August_2024_06_09_2024.xls: Missing optional dependency 'xlrd'. Install xlrd >= 2.0.1 for xls Excel support Use pip or conda to install xlrd.
2024-09-06 17:55:16,208 - INFO - All files processed successfully.
2024-09-06 18:00:05,126 - INFO - Converted T:/Vishal/Vishal Daily use/INventrory check/po file\POAdherenceReport_TATA_PCBU_AKAR_FOURWHEEL_Jaipur_August_2024_06_09_2024.xls to T:/Vishal/Vishal Daily use/INventrory check/po file\POAdherenceReport_TATA_PCBU_AKAR_FOURWHEEL_Jaipur_August_2024_06_09_2024.xlsx
2024-09-06 18:00:07,735 - INFO - Successfully processed: T:/Vishal/Vishal Daily use/INventrory check/po file\POAdherenceReport_TATA_PCBU_AKAR_FOURWHEEL_Jaipur_August_2024_06_09_2024.xlsx
2024-09-06 18:00:07,876 - INFO - Converted T:/Vishal/Vishal Daily use/INventrory check/po file\POAdherenceReport_TATA_PCBU_AKAR_FOURWHEEL_Jaipur_EV_August_2024_06_09_2024.xls to T:/Vishal/Vishal Daily use/INventrory check/po file\POAdherenceReport_TATA_PCBU_AKAR_FOURWHEEL_Jaipur_EV_August_2024_06_09_2024.xlsx
2024-09-06 18:00:08,173 - INFO - Successfully processed: T:/Vishal/Vishal Daily use/INventrory check/po file\POAdherenceReport_TATA_PCBU_AKAR_FOURWHEEL_Jaipur_EV_August_2024_06_09_2024.xlsx
2024-09-06 18:00:08,626 - INFO - Converted T:/Vishal/Vishal Daily use/INventrory check/po file\POAdherenceReport_TATA_PCBU_ANAND_MOTOREN_PRIVATE_LIMITED_Chhatarpur_August_2024_06_09_2024.xls to T:/Vishal/Vishal Daily use/INventrory check/po file\POAdherenceReport_TATA_PCBU_ANAND_MOTOREN_PRIVATE_LIMITED_Chhatarpur_August_2024_06_09_2024.xlsx
2024-09-06 18:00:10,063 - INFO - Successfully processed: T:/Vishal/Vishal Daily use/INventrory check/po file\POAdherenceReport_TATA_PCBU_ANAND_MOTOREN_PRIVATE_LIMITED_Chhatarpur_August_2024_06_09_2024.xlsx
2024-09-06 18:00:10,735 - INFO - Converted T:/Vishal/Vishal Daily use/INventrory check/po file\POAdherenceReport_TATA_PCBU_ANAND_MOTOREN_PRIVATE_LIMITED_Sagar_August_2024_06_09_2024.xls to T:/Vishal/Vishal Daily use/INventrory check/po file\POAdherenceReport_TATA_PCBU_ANAND_MOTOREN_PRIVATE_LIMITED_Sagar_August_2024_06_09_2024.xlsx
2024-09-06 18:00:13,423 - INFO - Successfully processed: T:/Vishal/Vishal Daily use/INventrory check/po file\POAdherenceReport_TATA_PCBU_ANAND_MOTOREN_PRIVATE_LIMITED_Sagar_August_2024_06_09_2024.xlsx
2024-09-06 18:00:13,579 - INFO - Converted T:/Vishal/Vishal Daily use/INventrory check/po file\POAdherenceReport_TATA_PCBU_ANAND_MOTOREN_PRIVATE_LIMITED_Sagar_EV_August_2024_06_09_2024.xls to T:/Vishal/Vishal Daily use/INventrory check/po file\POAdherenceReport_TATA_PCBU_ANAND_MOTOREN_PRIVATE_LIMITED_Sagar_EV_August_2024_06_09_2024.xlsx
2024-09-06 18:00:13,923 - INFO - Successfully processed: T:/Vishal/Vishal Daily use/INventrory check/po file\POAdherenceReport_TATA_PCBU_ANAND_MOTOREN_PRIVATE_LIMITED_Sagar_EV_August_2024_06_09_2024.xlsx
2024-09-06 18:00:14,204 - INFO - Converted T:/Vishal/Vishal Daily use/INventrory check/po file\POAdherenceReport_TATA_PCBU_Basudeb_Auto_Ltd_Chano_August_2024_06_09_2024.xls to T:/Vishal/Vishal Daily use/INventrory check/po file\POAdherenceReport_TATA_PCBU_Basudeb_Auto_Ltd_Chano_August_2024_06_09_2024.xlsx
2024-09-06 18:00:14,922 - INFO - Successfully processed: T:/Vishal/Vishal Daily use/INventrory check/po file\POAdherenceReport_TATA_PCBU_Basudeb_Auto_Ltd_Chano_August_2024_06_09_2024.xlsx
2024-09-06 18:00:15,204 - INFO - Converted T:/Vishal/Vishal Daily use/INventrory check/po file\POAdherenceReport_TATA_PCBU_Basudeb_Auto_Ltd_Hazaribagh_August_2024_06_09_2024.xls to T:/Vishal/Vishal Daily use/INventrory check/po file\POAdherenceReport_TATA_PCBU_Basudeb_Auto_Ltd_Hazaribagh_August_2024_06_09_2024.xlsx
2024-09-06 18:00:15,860 - INFO - Successfully processed: T:/Vishal/Vishal Daily use/INventrory check/po file\POAdherenceReport_TATA_PCBU_Basudeb_Auto_Ltd_Hazaribagh_August_2024_06_09_2024.xlsx
2024-09-06 18:00:16,797 - INFO - Converted T:/Vishal/Vishal Daily use/INventrory check/po file\POAdherenceReport_TATA_PCBU_Basudeb_Auto_Ltd_Ranchi_August_2024_06_09_2024.xls to T:/Vishal/Vishal Daily use/INventrory check/po file\POAdherenceReport_TATA_PCBU_Basudeb_Auto_Ltd_Ranchi_August_2024_06_09_2024.xlsx
2024-09-06 18:00:20,297 - INFO - Successfully processed: T:/Vishal/Vishal Daily use/INventrory check/po file\POAdherenceReport_TATA_PCBU_Basudeb_Auto_Ltd_Ranchi_August_2024_06_09_2024.xlsx
2024-09-06 18:00:20,485 - INFO - Converted T:/Vishal/Vishal Daily use/INventrory check/po file\POAdherenceReport_TATA_PCBU_Basudeb_Auto_Ltd_Ranchi_EV_August_2024_06_09_2024.xls to T:/Vishal/Vishal Daily use/INventrory check/po file\POAdherenceReport_TATA_PCBU_Basudeb_Auto_Ltd_Ranchi_EV_August_2024_06_09_2024.xlsx
2024-09-06 18:00:20,985 - INFO - Successfully processed: T:/Vishal/Vishal Daily use/INventrory check/po file\POAdherenceReport_TATA_PCBU_Basudeb_Auto_Ltd_Ranchi_EV_August_2024_06_09_2024.xlsx
2024-09-06 18:00:21,141 - INFO - Converted T:/Vishal/Vishal Daily use/INventrory check/po file\POAdherenceReport_TATA_PCBU_Bimal_Cars_Dhubri_August_2024_06_09_2024.xls to T:/Vishal/Vishal Daily use/INventrory check/po file\POAdherenceReport_TATA_PCBU_Bimal_Cars_Dhubri_August_2024_06_09_2024.xlsx
2024-09-06 18:00:21,469 - INFO - Successfully processed: T:/Vishal/Vishal Daily use/INventrory check/po file\POAdherenceReport_TATA_PCBU_Bimal_Cars_Dhubri_August_2024_06_09_2024.xlsx
2024-09-06 18:00:22,016 - INFO - Converted T:/Vishal/Vishal Daily use/INventrory check/po file\POAdherenceReport_TATA_PCBU_Bimal_Cars_Guwahati_August_2024_06_09_2024.xls to T:/Vishal/Vishal Daily use/INventrory check/po file\POAdherenceReport_TATA_PCBU_Bimal_Cars_Guwahati_August_2024_06_09_2024.xlsx
2024-09-06 18:00:23,797 - INFO - Successfully processed: T:/Vishal/Vishal Daily use/INventrory check/po file\POAdherenceReport_TATA_PCBU_Bimal_Cars_Guwahati_August_2024_06_09_2024.xlsx
2024-09-06 18:00:24,594 - INFO - Converted T:/Vishal/Vishal Daily use/INventrory check/po file\POAdherenceReport_TATA_PCBU_Classic_Motors_Alwar_August_2024_05_09_2024.xls to T:/Vishal/Vishal Daily use/INventrory check/po file\POAdherenceReport_TATA_PCBU_Classic_Motors_Alwar_August_2024_05_09_2024.xlsx
2024-09-06 18:00:27,531 - INFO - Successfully processed: T:/Vishal/Vishal Daily use/INventrory check/po file\POAdherenceReport_TATA_PCBU_Classic_Motors_Alwar_August_2024_05_09_2024.xlsx
2024-09-06 18:00:27,844 - INFO - Converted T:/Vishal/Vishal Daily use/INventrory check/po file\POAdherenceReport_TATA_PCBU_Classic_Motors_Alwar_EV_August_2024_05_09_2024.xls to T:/Vishal/Vishal Daily use/INventrory check/po file\POAdherenceReport_TATA_PCBU_Classic_Motors_Alwar_EV_August_2024_05_09_2024.xlsx
2024-09-06 18:00:28,922 - INFO - Successfully processed: T:/Vishal/Vishal Daily use/INventrory check/po file\POAdherenceReport_TATA_PCBU_Classic_Motors_Alwar_EV_August_2024_05_09_2024.xlsx
2024-09-06 18:00:29,500 - INFO - Converted T:/Vishal/Vishal Daily use/INventrory check/po file\POAdherenceReport_TATA_PCBU_Classic_Motors_Bhiwadi_August_2024_05_09_2024.xls to T:/Vishal/Vishal Daily use/INventrory check/po file\POAdherenceReport_TATA_PCBU_Classic_Motors_Bhiwadi_August_2024_05_09_2024.xlsx
2024-09-06 18:00:31,719 - INFO - Successfully processed: T:/Vishal/Vishal Daily use/INventrory check/po file\POAdherenceReport_TATA_PCBU_Classic_Motors_Bhiwadi_August_2024_05_09_2024.xlsx
2024-09-06 18:00:31,828 - INFO - Converted T:/Vishal/Vishal Daily use/INventrory check/po file\POAdherenceReport_TATA_PCBU_Classic_Motors_Bhiwadi_EV_August_2024_05_09_2024.xls to T:/Vishal/Vishal Daily use/INventrory check/po file\POAdherenceReport_TATA_PCBU_Classic_Motors_Bhiwadi_EV_August_2024_05_09_2024.xlsx
2024-09-06 18:00:31,953 - INFO - Successfully processed: T:/Vishal/Vishal Daily use/INventrory check/po file\POAdherenceReport_TATA_PCBU_Classic_Motors_Bhiwadi_EV_August_2024_05_09_2024.xlsx
2024-09-06 18:00:33,250 - INFO - Converted T:/Vishal/Vishal Daily use/INventrory check/po file\POAdherenceReport_TATA_PCBU_Ganganagar_Automobiles_Pvt_Ltd_Cherish_August_2024_04_09_2024.xls to T:/Vishal/Vishal Daily use/INventrory check/po file\POAdherenceReport_TATA_PCBU_Ganganagar_Automobiles_Pvt_Ltd_Cherish_August_2024_04_09_2024.xlsx
2024-09-06 18:00:38,187 - INFO - Successfully processed: T:/Vishal/Vishal Daily use/INventrory check/po file\POAdherenceReport_TATA_PCBU_Ganganagar_Automobiles_Pvt_Ltd_Cherish_August_2024_04_09_2024.xlsx
2024-09-06 18:00:38,437 - INFO - Converted T:/Vishal/Vishal Daily use/INventrory check/po file\POAdherenceReport_TATA_PCBU_Ganganagar_Automobiles_Pvt_Ltd_Cherish_EV_August_2024_04_09_2024.xls to T:/Vishal/Vishal Daily use/INventrory check/po file\POAdherenceReport_TATA_PCBU_Ganganagar_Automobiles_Pvt_Ltd_Cherish_EV_August_2024_04_09_2024.xlsx
2024-09-06 18:00:39,265 - INFO - Successfully processed: T:/Vishal/Vishal Daily use/INventrory check/po file\POAdherenceReport_TATA_PCBU_Ganganagar_Automobiles_Pvt_Ltd_Cherish_EV_August_2024_04_09_2024.xlsx
2024-09-06 18:00:39,297 - ERROR - An error occurred during file conversion or processing T:/Vishal/Vishal Daily use/INventrory check/po file\POAdherenceReport_TATA_PCBU_KD_Motor_Nanakganj_August_2024_04_09_2024.xls: 
2024-09-06 18:00:42,563 - INFO - Converted T:/Vishal/Vishal Daily use/INventrory check/po file\POAdherenceReport_TATA_PCBU_KD_Motor_Shahjahanpur_August_2024_04_09_2024.xls to T:/Vishal/Vishal Daily use/INventrory check/po file\POAdherenceReport_TATA_PCBU_KD_Motor_Shahjahanpur_August_2024_04_09_2024.xlsx
2024-09-06 18:00:43,595 - INFO - Successfully processed: T:/Vishal/Vishal Daily use/INventrory check/po file\POAdherenceReport_TATA_PCBU_KD_Motor_Shahjahanpur_August_2024_04_09_2024.xlsx
2024-09-06 18:00:43,970 - INFO - Converted T:/Vishal/Vishal Daily use/INventrory check/po file\POAdherenceReport_TATA_PCBU_Lexus_Motors_Barasat_August_2024_06_09_2024.xls to T:/Vishal/Vishal Daily use/INventrory check/po file\POAdherenceReport_TATA_PCBU_Lexus_Motors_Barasat_August_2024_06_09_2024.xlsx
2024-09-06 18:00:44,954 - INFO - Successfully processed: T:/Vishal/Vishal Daily use/INventrory check/po file\POAdherenceReport_TATA_PCBU_Lexus_Motors_Barasat_August_2024_06_09_2024.xlsx
2024-09-06 18:00:45,454 - INFO - Converted T:/Vishal/Vishal Daily use/INventrory check/po file\POAdherenceReport_TATA_PCBU_Lexus_Motors_Nalmuri_August_2024_06_09_2024.xls to T:/Vishal/Vishal Daily use/INventrory check/po file\POAdherenceReport_TATA_PCBU_Lexus_Motors_Nalmuri_August_2024_06_09_2024.xlsx
2024-09-06 18:00:47,243 - INFO - Successfully processed: T:/Vishal/Vishal Daily use/INventrory check/po file\POAdherenceReport_TATA_PCBU_Lexus_Motors_Nalmuri_August_2024_06_09_2024.xlsx
2024-09-06 18:00:47,462 - INFO - Converted T:/Vishal/Vishal Daily use/INventrory check/po file\POAdherenceReport_TATA_PCBU_Lexus_Motors_Nalmuri_EV_August_2024_06_09_2024.xls to T:/Vishal/Vishal Daily use/INventrory check/po file\POAdherenceReport_TATA_PCBU_Lexus_Motors_Nalmuri_EV_August_2024_06_09_2024.xlsx
2024-09-06 18:00:48,274 - INFO - Successfully processed: T:/Vishal/Vishal Daily use/INventrory check/po file\POAdherenceReport_TATA_PCBU_Lexus_Motors_Nalmuri_EV_August_2024_06_09_2024.xlsx
2024-09-06 18:00:48,415 - INFO - Converted T:/Vishal/Vishal Daily use/INventrory check/po file\POAdherenceReport_TATA_PCBU_Lexus_Motors_singur_August_2024_06_09_2024.xls to T:/Vishal/Vishal Daily use/INventrory check/po file\POAdherenceReport_TATA_PCBU_Lexus_Motors_singur_August_2024_06_09_2024.xlsx
2024-09-06 18:00:48,727 - INFO - Successfully processed: T:/Vishal/Vishal Daily use/INventrory check/po file\POAdherenceReport_TATA_PCBU_Lexus_Motors_singur_August_2024_06_09_2024.xlsx
2024-09-06 18:00:49,680 - INFO - Converted T:/Vishal/Vishal Daily use/INventrory check/po file\POAdherenceReport_TATA_PCBU_Roshan_PCBU_MIA_August_2024_06_09_2024.xls to T:/Vishal/Vishal Daily use/INventrory check/po file\POAdherenceReport_TATA_PCBU_Roshan_PCBU_MIA_August_2024_06_09_2024.xlsx
2024-09-06 18:00:54,090 - INFO - Successfully processed: T:/Vishal/Vishal Daily use/INventrory check/po file\POAdherenceReport_TATA_PCBU_Roshan_PCBU_MIA_August_2024_06_09_2024.xlsx
2024-09-06 18:00:55,818 - INFO - Converted T:/Vishal/Vishal Daily use/INventrory check/po file\POAdherenceReport_TATA_PCBU_Roshan_PCBU_VKIA_August_2024_06_09_2024.xls to T:/Vishal/Vishal Daily use/INventrory check/po file\POAdherenceReport_TATA_PCBU_Roshan_PCBU_VKIA_August_2024_06_09_2024.xlsx
2024-09-06 18:01:01,724 - INFO - Successfully processed: T:/Vishal/Vishal Daily use/INventrory check/po file\POAdherenceReport_TATA_PCBU_Roshan_PCBU_VKIA_August_2024_06_09_2024.xlsx
2024-09-06 18:01:02,302 - INFO - Converted T:/Vishal/Vishal Daily use/INventrory check/po file\POAdherenceReport_TATA_PCBU_Smam_Automart_Jammu_August_2024_06_09_2024.xls to T:/Vishal/Vishal Daily use/INventrory check/po file\POAdherenceReport_TATA_PCBU_Smam_Automart_Jammu_August_2024_06_09_2024.xlsx
2024-09-06 18:01:03,865 - INFO - Successfully processed: T:/Vishal/Vishal Daily use/INventrory check/po file\POAdherenceReport_TATA_PCBU_Smam_Automart_Jammu_August_2024_06_09_2024.xlsx
2024-09-06 18:01:04,052 - INFO - Converted T:/Vishal/Vishal Daily use/INventrory check/po file\POAdherenceReport_TATA_PCBU_Smam_Automart_Kathua_August_2024_06_09_2024.xls to T:/Vishal/Vishal Daily use/INventrory check/po file\POAdherenceReport_TATA_PCBU_Smam_Automart_Kathua_August_2024_06_09_2024.xlsx
2024-09-06 18:01:04,474 - INFO - Successfully processed: T:/Vishal/Vishal Daily use/INventrory check/po file\POAdherenceReport_TATA_PCBU_Smam_Automart_Kathua_August_2024_06_09_2024.xlsx
2024-09-06 18:01:04,802 - INFO - Converted T:/Vishal/Vishal Daily use/INventrory check/po file\POAdherenceReport_TATA_PCBU_Smam_Automart_Samba_August_2024_06_09_2024.xls to T:/Vishal/Vishal Daily use/INventrory check/po file\POAdherenceReport_TATA_PCBU_Smam_Automart_Samba_August_2024_06_09_2024.xlsx
2024-09-06 18:01:05,646 - INFO - Successfully processed: T:/Vishal/Vishal Daily use/INventrory check/po file\POAdherenceReport_TATA_PCBU_Smam_Automart_Samba_August_2024_06_09_2024.xlsx
2024-09-06 18:01:08,162 - INFO - All files processed successfully.
2024-09-06 18:02:21,025 - INFO - Converted T:/Vishal/Vishal Daily use/INventrory check/po file\POAdherenceReport_TATA_PCBU_AKAR_FOURWHEEL_Jaipur_August_2024_06_09_2024.xls to T:/Vishal/Vishal Daily use/INventrory check/po file\POAdherenceReport_TATA_PCBU_AKAR_FOURWHEEL_Jaipur_August_2024_06_09_2024.xlsx
2024-09-06 18:02:23,697 - INFO - Successfully processed: T:/Vishal/Vishal Daily use/INventrory check/po file\POAdherenceReport_TATA_PCBU_AKAR_FOURWHEEL_Jaipur_August_2024_06_09_2024.xlsx
2024-09-06 18:02:23,837 - INFO - Converted T:/Vishal/Vishal Daily use/INventrory check/po file\POAdherenceReport_TATA_PCBU_AKAR_FOURWHEEL_Jaipur_EV_August_2024_06_09_2024.xls to T:/Vishal/Vishal Daily use/INventrory check/po file\POAdherenceReport_TATA_PCBU_AKAR_FOURWHEEL_Jaipur_EV_August_2024_06_09_2024.xlsx
2024-09-06 18:02:24,165 - INFO - Successfully processed: T:/Vishal/Vishal Daily use/INventrory check/po file\POAdherenceReport_TATA_PCBU_AKAR_FOURWHEEL_Jaipur_EV_August_2024_06_09_2024.xlsx
2024-09-06 18:02:24,603 - INFO - Converted T:/Vishal/Vishal Daily use/INventrory check/po file\POAdherenceReport_TATA_PCBU_ANAND_MOTOREN_PRIVATE_LIMITED_Chhatarpur_August_2024_06_09_2024.xls to T:/Vishal/Vishal Daily use/INventrory check/po file\POAdherenceReport_TATA_PCBU_ANAND_MOTOREN_PRIVATE_LIMITED_Chhatarpur_August_2024_06_09_2024.xlsx
2024-09-06 18:02:26,056 - INFO - Successfully processed: T:/Vishal/Vishal Daily use/INventrory check/po file\POAdherenceReport_TATA_PCBU_ANAND_MOTOREN_PRIVATE_LIMITED_Chhatarpur_August_2024_06_09_2024.xlsx
2024-09-06 18:02:26,744 - INFO - Converted T:/Vishal/Vishal Daily use/INventrory check/po file\POAdherenceReport_TATA_PCBU_ANAND_MOTOREN_PRIVATE_LIMITED_Sagar_August_2024_06_09_2024.xls to T:/Vishal/Vishal Daily use/INventrory check/po file\POAdherenceReport_TATA_PCBU_ANAND_MOTOREN_PRIVATE_LIMITED_Sagar_August_2024_06_09_2024.xlsx
2024-09-06 18:02:29,634 - INFO - Successfully processed: T:/Vishal/Vishal Daily use/INventrory check/po file\POAdherenceReport_TATA_PCBU_ANAND_MOTOREN_PRIVATE_LIMITED_Sagar_August_2024_06_09_2024.xlsx
2024-09-06 18:02:29,790 - INFO - Converted T:/Vishal/Vishal Daily use/INventrory check/po file\POAdherenceReport_TATA_PCBU_ANAND_MOTOREN_PRIVATE_LIMITED_Sagar_EV_August_2024_06_09_2024.xls to T:/Vishal/Vishal Daily use/INventrory check/po file\POAdherenceReport_TATA_PCBU_ANAND_MOTOREN_PRIVATE_LIMITED_Sagar_EV_August_2024_06_09_2024.xlsx
2024-09-06 18:02:30,134 - INFO - Successfully processed: T:/Vishal/Vishal Daily use/INventrory check/po file\POAdherenceReport_TATA_PCBU_ANAND_MOTOREN_PRIVATE_LIMITED_Sagar_EV_August_2024_06_09_2024.xlsx
2024-09-06 18:02:30,415 - INFO - Converted T:/Vishal/Vishal Daily use/INventrory check/po file\POAdherenceReport_TATA_PCBU_Basudeb_Auto_Ltd_Chano_August_2024_06_09_2024.xls to T:/Vishal/Vishal Daily use/INventrory check/po file\POAdherenceReport_TATA_PCBU_Basudeb_Auto_Ltd_Chano_August_2024_06_09_2024.xlsx
2024-09-06 18:02:31,165 - INFO - Successfully processed: T:/Vishal/Vishal Daily use/INventrory check/po file\POAdherenceReport_TATA_PCBU_Basudeb_Auto_Ltd_Chano_August_2024_06_09_2024.xlsx
2024-09-06 18:02:31,431 - INFO - Converted T:/Vishal/Vishal Daily use/INventrory check/po file\POAdherenceReport_TATA_PCBU_Basudeb_Auto_Ltd_Hazaribagh_August_2024_06_09_2024.xls to T:/Vishal/Vishal Daily use/INventrory check/po file\POAdherenceReport_TATA_PCBU_Basudeb_Auto_Ltd_Hazaribagh_August_2024_06_09_2024.xlsx
2024-09-06 18:02:32,165 - INFO - Successfully processed: T:/Vishal/Vishal Daily use/INventrory check/po file\POAdherenceReport_TATA_PCBU_Basudeb_Auto_Ltd_Hazaribagh_August_2024_06_09_2024.xlsx
2024-09-06 18:02:33,165 - INFO - Converted T:/Vishal/Vishal Daily use/INventrory check/po file\POAdherenceReport_TATA_PCBU_Basudeb_Auto_Ltd_Ranchi_August_2024_06_09_2024.xls to T:/Vishal/Vishal Daily use/INventrory check/po file\POAdherenceReport_TATA_PCBU_Basudeb_Auto_Ltd_Ranchi_August_2024_06_09_2024.xlsx
2024-09-06 18:02:37,087 - INFO - Successfully processed: T:/Vishal/Vishal Daily use/INventrory check/po file\POAdherenceReport_TATA_PCBU_Basudeb_Auto_Ltd_Ranchi_August_2024_06_09_2024.xlsx
2024-09-06 18:02:37,274 - INFO - Converted T:/Vishal/Vishal Daily use/INventrory check/po file\POAdherenceReport_TATA_PCBU_Basudeb_Auto_Ltd_Ranchi_EV_August_2024_06_09_2024.xls to T:/Vishal/Vishal Daily use/INventrory check/po file\POAdherenceReport_TATA_PCBU_Basudeb_Auto_Ltd_Ranchi_EV_August_2024_06_09_2024.xlsx
2024-09-06 18:02:37,837 - INFO - Successfully processed: T:/Vishal/Vishal Daily use/INventrory check/po file\POAdherenceReport_TATA_PCBU_Basudeb_Auto_Ltd_Ranchi_EV_August_2024_06_09_2024.xlsx
2024-09-06 18:02:38,040 - INFO - Converted T:/Vishal/Vishal Daily use/INventrory check/po file\POAdherenceReport_TATA_PCBU_Bimal_Cars_Dhubri_August_2024_06_09_2024.xls to T:/Vishal/Vishal Daily use/INventrory check/po file\POAdherenceReport_TATA_PCBU_Bimal_Cars_Dhubri_August_2024_06_09_2024.xlsx
2024-09-06 18:02:38,384 - INFO - Successfully processed: T:/Vishal/Vishal Daily use/INventrory check/po file\POAdherenceReport_TATA_PCBU_Bimal_Cars_Dhubri_August_2024_06_09_2024.xlsx
2024-09-06 18:02:38,962 - INFO - Converted T:/Vishal/Vishal Daily use/INventrory check/po file\POAdherenceReport_TATA_PCBU_Bimal_Cars_Guwahati_August_2024_06_09_2024.xls to T:/Vishal/Vishal Daily use/INventrory check/po file\POAdherenceReport_TATA_PCBU_Bimal_Cars_Guwahati_August_2024_06_09_2024.xlsx
2024-09-06 18:02:40,727 - INFO - Successfully processed: T:/Vishal/Vishal Daily use/INventrory check/po file\POAdherenceReport_TATA_PCBU_Bimal_Cars_Guwahati_August_2024_06_09_2024.xlsx
2024-09-06 18:02:41,571 - INFO - Converted T:/Vishal/Vishal Daily use/INventrory check/po file\POAdherenceReport_TATA_PCBU_Classic_Motors_Alwar_August_2024_05_09_2024.xls to T:/Vishal/Vishal Daily use/INventrory check/po file\POAdherenceReport_TATA_PCBU_Classic_Motors_Alwar_August_2024_05_09_2024.xlsx
2024-09-06 18:02:44,743 - INFO - Successfully processed: T:/Vishal/Vishal Daily use/INventrory check/po file\POAdherenceReport_TATA_PCBU_Classic_Motors_Alwar_August_2024_05_09_2024.xlsx
2024-09-06 18:02:45,040 - INFO - Converted T:/Vishal/Vishal Daily use/INventrory check/po file\POAdherenceReport_TATA_PCBU_Classic_Motors_Alwar_EV_August_2024_05_09_2024.xls to T:/Vishal/Vishal Daily use/INventrory check/po file\POAdherenceReport_TATA_PCBU_Classic_Motors_Alwar_EV_August_2024_05_09_2024.xlsx
2024-09-06 18:02:46,055 - INFO - Successfully processed: T:/Vishal/Vishal Daily use/INventrory check/po file\POAdherenceReport_TATA_PCBU_Classic_Motors_Alwar_EV_August_2024_05_09_2024.xlsx
2024-09-06 18:02:46,618 - INFO - Converted T:/Vishal/Vishal Daily use/INventrory check/po file\POAdherenceReport_TATA_PCBU_Classic_Motors_Bhiwadi_August_2024_05_09_2024.xls to T:/Vishal/Vishal Daily use/INventrory check/po file\POAdherenceReport_TATA_PCBU_Classic_Motors_Bhiwadi_August_2024_05_09_2024.xlsx
2024-09-06 18:02:48,805 - INFO - Successfully processed: T:/Vishal/Vishal Daily use/INventrory check/po file\POAdherenceReport_TATA_PCBU_Classic_Motors_Bhiwadi_August_2024_05_09_2024.xlsx
2024-09-06 18:02:48,899 - INFO - Converted T:/Vishal/Vishal Daily use/INventrory check/po file\POAdherenceReport_TATA_PCBU_Classic_Motors_Bhiwadi_EV_August_2024_05_09_2024.xls to T:/Vishal/Vishal Daily use/INventrory check/po file\POAdherenceReport_TATA_PCBU_Classic_Motors_Bhiwadi_EV_August_2024_05_09_2024.xlsx
2024-09-06 18:02:49,055 - INFO - Successfully processed: T:/Vishal/Vishal Daily use/INventrory check/po file\POAdherenceReport_TATA_PCBU_Classic_Motors_Bhiwadi_EV_August_2024_05_09_2024.xlsx
2024-09-06 18:02:50,368 - INFO - Converted T:/Vishal/Vishal Daily use/INventrory check/po file\POAdherenceReport_TATA_PCBU_Ganganagar_Automobiles_Pvt_Ltd_Cherish_August_2024_04_09_2024.xls to T:/Vishal/Vishal Daily use/INventrory check/po file\POAdherenceReport_TATA_PCBU_Ganganagar_Automobiles_Pvt_Ltd_Cherish_August_2024_04_09_2024.xlsx
2024-09-06 18:02:55,555 - INFO - Successfully processed: T:/Vishal/Vishal Daily use/INventrory check/po file\POAdherenceReport_TATA_PCBU_Ganganagar_Automobiles_Pvt_Ltd_Cherish_August_2024_04_09_2024.xlsx
2024-09-06 18:02:55,805 - INFO - Converted T:/Vishal/Vishal Daily use/INventrory check/po file\POAdherenceReport_TATA_PCBU_Ganganagar_Automobiles_Pvt_Ltd_Cherish_EV_August_2024_04_09_2024.xls to T:/Vishal/Vishal Daily use/INventrory check/po file\POAdherenceReport_TATA_PCBU_Ganganagar_Automobiles_Pvt_Ltd_Cherish_EV_August_2024_04_09_2024.xlsx
2024-09-06 18:02:56,664 - INFO - Successfully processed: T:/Vishal/Vishal Daily use/INventrory check/po file\POAdherenceReport_TATA_PCBU_Ganganagar_Automobiles_Pvt_Ltd_Cherish_EV_August_2024_04_09_2024.xlsx
2024-09-06 18:02:56,696 - ERROR - An error occurred during file conversion or processing T:/Vishal/Vishal Daily use/INventrory check/po file\POAdherenceReport_TATA_PCBU_KD_Motor_Nanakganj_August_2024_04_09_2024.xls: 
2024-09-06 18:27:24,927 - INFO - Converted T:/Vishal/Vishal Daily use/INventrory check/po file\POAdherenceReport_TATA_PCBU_KD_Motor_Shahjahanpur_August_2024_04_09_2024.xls to T:/Vishal/Vishal Daily use/INventrory check/po file\POAdherenceReport_TATA_PCBU_KD_Motor_Shahjahanpur_August_2024_04_09_2024.xlsx
2024-09-06 18:27:26,567 - INFO - Successfully processed: T:/Vishal/Vishal Daily use/INventrory check/po file\POAdherenceReport_TATA_PCBU_KD_Motor_Shahjahanpur_August_2024_04_09_2024.xlsx
2024-09-06 18:27:27,161 - INFO - Converted T:/Vishal/Vishal Daily use/INventrory check/po file\POAdherenceReport_TATA_PCBU_Lexus_Motors_Barasat_August_2024_06_09_2024.xls to T:/Vishal/Vishal Daily use/INventrory check/po file\POAdherenceReport_TATA_PCBU_Lexus_Motors_Barasat_August_2024_06_09_2024.xlsx
2024-09-06 18:27:29,346 - INFO - Successfully processed: T:/Vishal/Vishal Daily use/INventrory check/po file\POAdherenceReport_TATA_PCBU_Lexus_Motors_Barasat_August_2024_06_09_2024.xlsx
2024-09-06 18:27:30,049 - INFO - Converted T:/Vishal/Vishal Daily use/INventrory check/po file\POAdherenceReport_TATA_PCBU_Lexus_Motors_Nalmuri_August_2024_06_09_2024.xls to T:/Vishal/Vishal Daily use/INventrory check/po file\POAdherenceReport_TATA_PCBU_Lexus_Motors_Nalmuri_August_2024_06_09_2024.xlsx
2024-09-06 18:27:32,946 - INFO - Successfully processed: T:/Vishal/Vishal Daily use/INventrory check/po file\POAdherenceReport_TATA_PCBU_Lexus_Motors_Nalmuri_August_2024_06_09_2024.xlsx
2024-09-06 18:27:33,226 - INFO - Converted T:/Vishal/Vishal Daily use/INventrory check/po file\POAdherenceReport_TATA_PCBU_Lexus_Motors_Nalmuri_EV_August_2024_06_09_2024.xls to T:/Vishal/Vishal Daily use/INventrory check/po file\POAdherenceReport_TATA_PCBU_Lexus_Motors_Nalmuri_EV_August_2024_06_09_2024.xlsx
2024-09-06 18:27:34,828 - INFO - Successfully processed: T:/Vishal/Vishal Daily use/INventrory check/po file\POAdherenceReport_TATA_PCBU_Lexus_Motors_Nalmuri_EV_August_2024_06_09_2024.xlsx
2024-09-06 18:27:35,120 - INFO - Converted T:/Vishal/Vishal Daily use/INventrory check/po file\POAdherenceReport_TATA_PCBU_Lexus_Motors_singur_August_2024_06_09_2024.xls to T:/Vishal/Vishal Daily use/INventrory check/po file\POAdherenceReport_TATA_PCBU_Lexus_Motors_singur_August_2024_06_09_2024.xlsx
2024-09-06 18:27:35,488 - INFO - Successfully processed: T:/Vishal/Vishal Daily use/INventrory check/po file\POAdherenceReport_TATA_PCBU_Lexus_Motors_singur_August_2024_06_09_2024.xlsx
2024-09-06 18:27:36,708 - INFO - Converted T:/Vishal/Vishal Daily use/INventrory check/po file\POAdherenceReport_TATA_PCBU_Roshan_PCBU_MIA_August_2024_06_09_2024.xls to T:/Vishal/Vishal Daily use/INventrory check/po file\POAdherenceReport_TATA_PCBU_Roshan_PCBU_MIA_August_2024_06_09_2024.xlsx
2024-09-06 18:27:40,999 - INFO - Successfully processed: T:/Vishal/Vishal Daily use/INventrory check/po file\POAdherenceReport_TATA_PCBU_Roshan_PCBU_MIA_August_2024_06_09_2024.xlsx
2024-09-06 18:27:42,416 - INFO - Converted T:/Vishal/Vishal Daily use/INventrory check/po file\POAdherenceReport_TATA_PCBU_Roshan_PCBU_VKIA_August_2024_06_09_2024.xls to T:/Vishal/Vishal Daily use/INventrory check/po file\POAdherenceReport_TATA_PCBU_Roshan_PCBU_VKIA_August_2024_06_09_2024.xlsx
2024-09-06 18:27:49,697 - INFO - Successfully processed: T:/Vishal/Vishal Daily use/INventrory check/po file\POAdherenceReport_TATA_PCBU_Roshan_PCBU_VKIA_August_2024_06_09_2024.xlsx
2024-09-06 18:27:50,181 - INFO - Converted T:/Vishal/Vishal Daily use/INventrory check/po file\POAdherenceReport_TATA_PCBU_Smam_Automart_Jammu_August_2024_06_09_2024.xls to T:/Vishal/Vishal Daily use/INventrory check/po file\POAdherenceReport_TATA_PCBU_Smam_Automart_Jammu_August_2024_06_09_2024.xlsx
2024-09-06 18:27:52,166 - INFO - Successfully processed: T:/Vishal/Vishal Daily use/INventrory check/po file\POAdherenceReport_TATA_PCBU_Smam_Automart_Jammu_August_2024_06_09_2024.xlsx
2024-09-06 18:27:52,509 - INFO - Converted T:/Vishal/Vishal Daily use/INventrory check/po file\POAdherenceReport_TATA_PCBU_Smam_Automart_Kathua_August_2024_06_09_2024.xls to T:/Vishal/Vishal Daily use/INventrory check/po file\POAdherenceReport_TATA_PCBU_Smam_Automart_Kathua_August_2024_06_09_2024.xlsx
2024-09-06 18:27:53,525 - INFO - Successfully processed: T:/Vishal/Vishal Daily use/INventrory check/po file\POAdherenceReport_TATA_PCBU_Smam_Automart_Kathua_August_2024_06_09_2024.xlsx
2024-09-06 18:27:53,853 - INFO - Converted T:/Vishal/Vishal Daily use/INventrory check/po file\POAdherenceReport_TATA_PCBU_Smam_Automart_Samba_August_2024_06_09_2024.xls to T:/Vishal/Vishal Daily use/INventrory check/po file\POAdherenceReport_TATA_PCBU_Smam_Automart_Samba_August_2024_06_09_2024.xlsx
2024-09-06 18:27:54,884 - INFO - Successfully processed: T:/Vishal/Vishal Daily use/INventrory check/po file\POAdherenceReport_TATA_PCBU_Smam_Automart_Samba_August_2024_06_09_2024.xlsx
2024-09-06 18:27:54,947 - INFO - All files processed successfully.
2024-09-06 18:31:37,336 - INFO - Successfully processed: T:/Vishal/Vishal Daily use/INventrory check/po file\POAdherenceReport_TATA_PCBU_AKAR_FOURWHEEL_Jaipur_August_2024_06_09_2024.xlsx
2024-09-06 18:31:37,727 - INFO - Successfully processed: T:/Vishal/Vishal Daily use/INventrory check/po file\POAdherenceReport_TATA_PCBU_AKAR_FOURWHEEL_Jaipur_EV_August_2024_06_09_2024.xlsx
2024-09-06 18:31:39,649 - INFO - Successfully processed: T:/Vishal/Vishal Daily use/INventrory check/po file\POAdherenceReport_TATA_PCBU_ANAND_MOTOREN_PRIVATE_LIMITED_Chhatarpur_August_2024_06_09_2024.xlsx
2024-09-06 18:31:43,055 - INFO - Successfully processed: T:/Vishal/Vishal Daily use/INventrory check/po file\POAdherenceReport_TATA_PCBU_ANAND_MOTOREN_PRIVATE_LIMITED_Sagar_August_2024_06_09_2024.xlsx
2024-09-06 18:31:43,555 - INFO - Successfully processed: T:/Vishal/Vishal Daily use/INventrory check/po file\POAdherenceReport_TATA_PCBU_ANAND_MOTOREN_PRIVATE_LIMITED_Sagar_EV_August_2024_06_09_2024.xlsx
2024-09-06 18:31:44,586 - INFO - Successfully processed: T:/Vishal/Vishal Daily use/INventrory check/po file\POAdherenceReport_TATA_PCBU_Basudeb_Auto_Ltd_Chano_August_2024_06_09_2024.xlsx
2024-09-06 18:31:45,539 - INFO - Successfully processed: T:/Vishal/Vishal Daily use/INventrory check/po file\POAdherenceReport_TATA_PCBU_Basudeb_Auto_Ltd_Hazaribagh_August_2024_06_09_2024.xlsx
2024-09-06 18:31:49,977 - INFO - Successfully processed: T:/Vishal/Vishal Daily use/INventrory check/po file\POAdherenceReport_TATA_PCBU_Basudeb_Auto_Ltd_Ranchi_August_2024_06_09_2024.xlsx
2024-09-06 18:31:50,695 - INFO - Successfully processed: T:/Vishal/Vishal Daily use/INventrory check/po file\POAdherenceReport_TATA_PCBU_Basudeb_Auto_Ltd_Ranchi_EV_August_2024_06_09_2024.xlsx
2024-09-06 18:31:51,211 - INFO - Successfully processed: T:/Vishal/Vishal Daily use/INventrory check/po file\POAdherenceReport_TATA_PCBU_Bimal_Cars_Dhubri_August_2024_06_09_2024.xlsx
2024-09-06 18:31:53,711 - INFO - Successfully processed: T:/Vishal/Vishal Daily use/INventrory check/po file\POAdherenceReport_TATA_PCBU_Bimal_Cars_Guwahati_August_2024_06_09_2024.xlsx
2024-09-06 18:31:57,586 - INFO - Successfully processed: T:/Vishal/Vishal Daily use/INventrory check/po file\POAdherenceReport_TATA_PCBU_Classic_Motors_Alwar_August_2024_05_09_2024.xlsx
2024-09-06 18:31:58,961 - INFO - Successfully processed: T:/Vishal/Vishal Daily use/INventrory check/po file\POAdherenceReport_TATA_PCBU_Classic_Motors_Alwar_EV_August_2024_05_09_2024.xlsx
2024-09-06 18:32:01,742 - INFO - Successfully processed: T:/Vishal/Vishal Daily use/INventrory check/po file\POAdherenceReport_TATA_PCBU_Classic_Motors_Bhiwadi_August_2024_05_09_2024.xlsx
2024-09-06 18:32:01,976 - INFO - Successfully processed: T:/Vishal/Vishal Daily use/INventrory check/po file\POAdherenceReport_TATA_PCBU_Classic_Motors_Bhiwadi_EV_August_2024_05_09_2024.xlsx
2024-09-06 18:32:08,570 - INFO - Successfully processed: T:/Vishal/Vishal Daily use/INventrory check/po file\POAdherenceReport_TATA_PCBU_Ganganagar_Automobiles_Pvt_Ltd_Cherish_August_2024_04_09_2024.xlsx
2024-09-06 18:32:09,679 - INFO - Successfully processed: T:/Vishal/Vishal Daily use/INventrory check/po file\POAdherenceReport_TATA_PCBU_Ganganagar_Automobiles_Pvt_Ltd_Cherish_EV_August_2024_04_09_2024.xlsx
2024-09-06 18:32:09,695 - ERROR - An error occurred during file conversion or processing T:/Vishal/Vishal Daily use/INventrory check/po file\POAdherenceReport_TATA_PCBU_KD_Motor_Nanakganj_August_2024_04_09_2024.xls: 
2024-09-06 18:32:15,242 - INFO - Successfully processed: T:/Vishal/Vishal Daily use/INventrory check/po file\POAdherenceReport_TATA_PCBU_KD_Motor_Shahjahanpur_August_2024_04_09_2024.xlsx
2024-09-06 18:32:16,570 - INFO - Successfully processed: T:/Vishal/Vishal Daily use/INventrory check/po file\POAdherenceReport_TATA_PCBU_Lexus_Motors_Barasat_August_2024_06_09_2024.xlsx
2024-09-06 18:32:18,861 - INFO - Successfully processed: T:/Vishal/Vishal Daily use/INventrory check/po file\POAdherenceReport_TATA_PCBU_Lexus_Motors_Nalmuri_August_2024_06_09_2024.xlsx
2024-09-06 18:32:19,955 - INFO - Successfully processed: T:/Vishal/Vishal Daily use/INventrory check/po file\POAdherenceReport_TATA_PCBU_Lexus_Motors_Nalmuri_EV_August_2024_06_09_2024.xlsx
2024-09-06 18:32:20,673 - INFO - Successfully processed: T:/Vishal/Vishal Daily use/INventrory check/po file\POAdherenceReport_TATA_PCBU_Lexus_Motors_singur_August_2024_06_09_2024.xlsx
2024-09-06 18:32:26,223 - INFO - Successfully processed: T:/Vishal/Vishal Daily use/INventrory check/po file\POAdherenceReport_TATA_PCBU_Roshan_PCBU_MIA_August_2024_06_09_2024.xlsx
2024-09-06 18:32:34,051 - INFO - Successfully processed: T:/Vishal/Vishal Daily use/INventrory check/po file\POAdherenceReport_TATA_PCBU_Roshan_PCBU_VKIA_August_2024_06_09_2024.xlsx
2024-09-06 18:32:36,988 - INFO - Successfully processed: T:/Vishal/Vishal Daily use/INventrory check/po file\POAdherenceReport_TATA_PCBU_Smam_Automart_Jammu_August_2024_06_09_2024.xlsx
2024-09-06 18:32:37,691 - INFO - Successfully processed: T:/Vishal/Vishal Daily use/INventrory check/po file\POAdherenceReport_TATA_PCBU_Smam_Automart_Kathua_August_2024_06_09_2024.xlsx
2024-09-06 18:32:40,191 - INFO - Successfully processed: T:/Vishal/Vishal Daily use/INventrory check/po file\POAdherenceReport_TATA_PCBU_Smam_Automart_Samba_August_2024_06_09_2024.xlsx
2024-09-06 18:41:21,964 - INFO - All files processed successfully.
2024-09-06 18:42:55,667 - INFO - Successfully processed: T:/Vishal/Vishal Daily use/INventrory check/po file\POAdherenceReport_TATA_PCBU_AKAR_FOURWHEEL_Jaipur_August_2024_06_09_2024.xlsx
2024-09-06 18:43:01,852 - INFO - Successfully processed: T:/Vishal/Vishal Daily use/INventrory check/po file\POAdherenceReport_TATA_PCBU_AKAR_FOURWHEEL_Jaipur_EV_August_2024_06_09_2024.xlsx
2024-09-06 18:43:04,608 - INFO - Successfully processed: T:/Vishal/Vishal Daily use/INventrory check/po file\POAdherenceReport_TATA_PCBU_ANAND_MOTOREN_PRIVATE_LIMITED_Chhatarpur_August_2024_06_09_2024.xlsx
2024-09-06 18:43:08,968 - INFO - Successfully processed: T:/Vishal/Vishal Daily use/INventrory check/po file\POAdherenceReport_TATA_PCBU_ANAND_MOTOREN_PRIVATE_LIMITED_Sagar_August_2024_06_09_2024.xlsx
2024-09-06 18:43:12,151 - INFO - Successfully processed: T:/Vishal/Vishal Daily use/INventrory check/po file\POAdherenceReport_TATA_PCBU_ANAND_MOTOREN_PRIVATE_LIMITED_Sagar_EV_August_2024_06_09_2024.xlsx
2024-09-06 18:43:13,888 - INFO - Successfully processed: T:/Vishal/Vishal Daily use/INventrory check/po file\POAdherenceReport_TATA_PCBU_Basudeb_Auto_Ltd_Chano_August_2024_06_09_2024.xlsx
2024-09-06 18:43:15,470 - INFO - Successfully processed: T:/Vishal/Vishal Daily use/INventrory check/po file\POAdherenceReport_TATA_PCBU_Basudeb_Auto_Ltd_Hazaribagh_August_2024_06_09_2024.xlsx
2024-09-06 18:43:20,461 - INFO - Successfully processed: T:/Vishal/Vishal Daily use/INventrory check/po file\POAdherenceReport_TATA_PCBU_Basudeb_Auto_Ltd_Ranchi_August_2024_06_09_2024.xlsx
2024-09-06 18:43:21,986 - INFO - Successfully processed: T:/Vishal/Vishal Daily use/INventrory check/po file\POAdherenceReport_TATA_PCBU_Basudeb_Auto_Ltd_Ranchi_EV_August_2024_06_09_2024.xlsx
2024-09-06 18:43:23,398 - INFO - Successfully processed: T:/Vishal/Vishal Daily use/INventrory check/po file\POAdherenceReport_TATA_PCBU_Bimal_Cars_Dhubri_August_2024_06_09_2024.xlsx
2024-09-06 18:43:26,492 - INFO - Successfully processed: T:/Vishal/Vishal Daily use/INventrory check/po file\POAdherenceReport_TATA_PCBU_Bimal_Cars_Guwahati_August_2024_06_09_2024.xlsx
2024-09-06 18:43:31,482 - INFO - Successfully processed: T:/Vishal/Vishal Daily use/INventrory check/po file\POAdherenceReport_TATA_PCBU_Classic_Motors_Alwar_August_2024_05_09_2024.xlsx
2024-09-06 18:43:33,651 - INFO - Successfully processed: T:/Vishal/Vishal Daily use/INventrory check/po file\POAdherenceReport_TATA_PCBU_Classic_Motors_Alwar_EV_August_2024_05_09_2024.xlsx
2024-09-06 18:43:37,924 - INFO - Successfully processed: T:/Vishal/Vishal Daily use/INventrory check/po file\POAdherenceReport_TATA_PCBU_Classic_Motors_Bhiwadi_August_2024_05_09_2024.xlsx
2024-09-06 18:43:39,591 - INFO - Successfully processed: T:/Vishal/Vishal Daily use/INventrory check/po file\POAdherenceReport_TATA_PCBU_Classic_Motors_Bhiwadi_EV_August_2024_05_09_2024.xlsx
2024-09-06 18:43:49,079 - INFO - Successfully processed: T:/Vishal/Vishal Daily use/INventrory check/po file\POAdherenceReport_TATA_PCBU_Ganganagar_Automobiles_Pvt_Ltd_Cherish_August_2024_04_09_2024.xlsx
2024-09-06 18:43:51,504 - INFO - Successfully processed: T:/Vishal/Vishal Daily use/INventrory check/po file\POAdherenceReport_TATA_PCBU_Ganganagar_Automobiles_Pvt_Ltd_Cherish_EV_August_2024_04_09_2024.xlsx
2024-09-06 18:43:55,558 - ERROR - An error occurred during file conversion or processing T:/Vishal/Vishal Daily use/INventrory check/po file\POAdherenceReport_TATA_PCBU_KD_Motor_Nanakganj_August_2024_04_09_2024.xls: 
2024-09-06 18:43:57,764 - INFO - Successfully processed: T:/Vishal/Vishal Daily use/INventrory check/po file\POAdherenceReport_TATA_PCBU_KD_Motor_Shahjahanpur_August_2024_04_09_2024.xlsx
2024-09-06 18:43:59,929 - INFO - Successfully processed: T:/Vishal/Vishal Daily use/INventrory check/po file\POAdherenceReport_TATA_PCBU_Lexus_Motors_Barasat_August_2024_06_09_2024.xlsx
2024-09-06 18:44:02,885 - INFO - Successfully processed: T:/Vishal/Vishal Daily use/INventrory check/po file\POAdherenceReport_TATA_PCBU_Lexus_Motors_Nalmuri_August_2024_06_09_2024.xlsx
2024-09-06 18:44:04,652 - INFO - Successfully processed: T:/Vishal/Vishal Daily use/INventrory check/po file\POAdherenceReport_TATA_PCBU_Lexus_Motors_Nalmuri_EV_August_2024_06_09_2024.xlsx
2024-09-06 18:44:05,849 - INFO - Successfully processed: T:/Vishal/Vishal Daily use/INventrory check/po file\POAdherenceReport_TATA_PCBU_Lexus_Motors_singur_August_2024_06_09_2024.xlsx
2024-09-06 18:44:10,229 - INFO - Successfully processed: T:/Vishal/Vishal Daily use/INventrory check/po file\POAdherenceReport_TATA_PCBU_Roshan_PCBU_MIA_August_2024_06_09_2024.xlsx
2024-09-06 18:44:16,226 - INFO - Successfully processed: T:/Vishal/Vishal Daily use/INventrory check/po file\POAdherenceReport_TATA_PCBU_Roshan_PCBU_VKIA_August_2024_06_09_2024.xlsx
2024-09-06 18:44:18,996 - INFO - Successfully processed: T:/Vishal/Vishal Daily use/INventrory check/po file\POAdherenceReport_TATA_PCBU_Smam_Automart_Jammu_August_2024_06_09_2024.xlsx
2024-09-06 18:44:20,571 - INFO - Successfully processed: T:/Vishal/Vishal Daily use/INventrory check/po file\POAdherenceReport_TATA_PCBU_Smam_Automart_Kathua_August_2024_06_09_2024.xlsx
2024-09-06 18:44:22,515 - INFO - Successfully processed: T:/Vishal/Vishal Daily use/INventrory check/po file\POAdherenceReport_TATA_PCBU_Smam_Automart_Samba_August_2024_06_09_2024.xlsx
2024-09-06 18:44:23,769 - INFO - All files processed successfully.
