2024-08-31 10:58:57,028 - ERROR - Error occurred: "None of [Index(['Location', 'OrderNumber', 'OrderDate', 'PartNumber', 'POQty'], dtype='object')] are in the [columns]"
2024-08-31 10:59:13,973 - ERROR - Error occurred: "None of [Index(['Location', 'OrderNumber', 'OrderDate', 'PartNumber', 'POQty'], dtype='object')] are in the [columns]"
2024-08-31 11:00:04,674 - ERROR - Error occurred: "None of [Index(['Location', 'OrderNumber', 'OrderDate', 'PartNumber', 'POQty'], dtype='object')] are in the [columns]"
2024-08-31 11:01:10,963 - ERROR - Error occurred: "None of [Index(['Location', 'OrderNumber', 'OrderDate', 'PartNumber', 'POQty'], dtype='object')] are in the [columns]"
2024-08-31 16:30:13,919 - ERROR - Error saving output file: name 'openpyxl' is not defined
2024-09-03 12:38:01,045 - ERROR - Failed to read file : Unsupported file format
2024-09-03 12:38:01,045 - ERROR - Error processing SAP file : Unsupported file format
2024-09-03 12:38:11,380 - ERROR - Error saving output file: name 'openpyxl' is not defined
2024-09-07 11:32:40,333 - ERROR - Error saving output file: name 'openpyxl' is not defined
2024-09-09 13:12:48,038 - ERROR - Error saving output file: name 'openpyxl' is not defined
2024-09-11 13:34:22,946 - ERROR - Error saving output file: name 'openpyxl' is not defined
2024-09-12 15:39:18,079 - ERROR - Error processing SAP file T:/OGYS/September/TATA CVBU/Johar Auto/12 Sep/DATA/SAP Purchase back order (1).xlsx: File T:/OGYS/September/TATA CVBU/Johar Auto/12 Sep/DATA/SAP Purchase back order (1).xlsx does not contain required columns.
2024-09-12 15:39:19,163 - ERROR - Error saving output file: name 'openpyxl' is not defined
2024-09-12 15:43:39,269 - ERROR - Error saving output file: name 'openpyxl' is not defined
2024-09-13 12:03:31,837 - ERROR - Error saving output file: name 'openpyxl' is not defined
2024-09-13 12:05:39,531 - ERROR - Error saving output file: name 'openpyxl' is not defined
2024-09-18 11:48:39,909 - ERROR - Error saving output file: name 'openpyxl' is not defined
2024-09-18 11:53:56,511 - ERROR - Error saving output file: name 'openpyxl' is not defined
2024-09-18 13:46:58,421 - ERROR - Error saving output file: name 'openpyxl' is not defined
2024-09-18 15:44:54,959 - ERROR - Failed to read file : Unsupported file format
2024-09-18 15:44:54,959 - ERROR - Error processing SAP file : Unsupported file format
2024-09-18 15:44:56,810 - ERROR - Error saving output file: name 'openpyxl' is not defined
2024-09-19 12:03:15,689 - ERROR - Error saving output file: name 'openpyxl' is not defined
2024-09-19 12:28:06,177 - ERROR - Error saving output file: name 'openpyxl' is not defined
2024-09-19 12:29:05,956 - ERROR - Error processing SAP file //tata_server/TATASERVER/TATA Data Intigration/All Location TATA CVBU & PCBU.xlsx: File //tata_server/TATASERVER/TATA Data Intigration/All Location TATA CVBU & PCBU.xlsx does not contain required columns.
2024-09-19 12:29:16,477 - ERROR - Error saving output file: name 'openpyxl' is not defined
2024-09-19 12:31:10,914 - ERROR - Error saving output file: name 'openpyxl' is not defined
2024-09-19 13:35:49,916 - ERROR - Error processing Intransit file T:\OGYS\September\TATA CVBU\Bhandari\19 Sep\DATA\intransit\PURCHASE all location.xlsx: 'Location'
2024-09-19 13:35:49,918 - ERROR - Error occurred: "None of [Index(['Location', 'OrderNumber', 'OrderDate', 'PartNumber', 'POQty'], dtype='object')] are in the [columns]"
2024-09-20 15:13:07,047 - ERROR - Error saving output file: name 'openpyxl' is not defined
2024-09-20 15:16:14,804 - ERROR - Error processing Intransit file T:\OGYS\September\TATA CVBU\MATSYA\20 SEP\DATA\intra\intra matsya.xlsx: time data "8" doesn't match format "%d/%m/%Y", at position 0. You might want to try:
    - passing `format` if your strings have a consistent format;
    - passing `format='ISO8601'` if your strings are all ISO8601 but not necessarily in exactly the same format;
    - passing `format='mixed'`, and the format will be inferred for each element individually. You might want to use `dayfirst` alongside this.
2024-09-20 15:16:14,804 - ERROR - Error occurred: "None of [Index(['Location', 'OrderNumber', 'OrderDate', 'PartNumber', 'POQty'], dtype='object')] are in the [columns]"
2024-09-20 15:17:27,040 - ERROR - Error processing Intransit file T:\OGYS\September\TATA CVBU\MATSYA\20 SEP\DATA\intra\intra matsya.xlsx: time data "8" doesn't match format "%d/%m/%Y", at position 0. You might want to try:
    - passing `format` if your strings have a consistent format;
    - passing `format='ISO8601'` if your strings are all ISO8601 but not necessarily in exactly the same format;
    - passing `format='mixed'`, and the format will be inferred for each element individually. You might want to use `dayfirst` alongside this.
2024-09-20 15:17:27,056 - ERROR - Error occurred: "None of [Index(['Location', 'OrderNumber', 'OrderDate', 'PartNumber', 'POQty'], dtype='object')] are in the [columns]"
2024-09-20 15:19:56,296 - ERROR - Error processing Intransit file T:\OGYS\September\TATA CVBU\MATSYA\20 SEP\DATA\intra\intra matsya.xlsx: time data "8" doesn't match format "%d/%m/%Y", at position 0. You might want to try:
    - passing `format` if your strings have a consistent format;
    - passing `format='ISO8601'` if your strings are all ISO8601 but not necessarily in exactly the same format;
    - passing `format='mixed'`, and the format will be inferred for each element individually. You might want to use `dayfirst` alongside this.
2024-09-20 15:19:56,296 - ERROR - Error occurred: "None of [Index(['Location', 'OrderNumber', 'OrderDate', 'PartNumber', 'POQty'], dtype='object')] are in the [columns]"
2024-09-20 15:20:32,772 - ERROR - Error processing Intransit file T:\OGYS\September\TATA CVBU\MATSYA\20 SEP\DATA\intra\intra matsya.xlsx: time data "8" doesn't match format "%d/%m/%Y", at position 0. You might want to try:
    - passing `format` if your strings have a consistent format;
    - passing `format='ISO8601'` if your strings are all ISO8601 but not necessarily in exactly the same format;
    - passing `format='mixed'`, and the format will be inferred for each element individually. You might want to use `dayfirst` alongside this.
2024-09-20 15:20:32,772 - ERROR - Error occurred: "None of [Index(['Location', 'OrderNumber', 'OrderDate', 'PartNumber', 'POQty'], dtype='object')] are in the [columns]"
2024-09-20 15:21:41,784 - ERROR - Error saving output file: name 'openpyxl' is not defined
2024-09-21 11:48:38,137 - ERROR - Error saving output file: name 'openpyxl' is not defined
2024-09-21 11:59:30,770 - ERROR - Error processing SAP file T:/OGYS/September/TATA CVBU/MG Motors/21-9/data/stock/stock.xlsx: File T:/OGYS/September/TATA CVBU/MG Motors/21-9/data/stock/stock.xlsx does not contain required columns.
2024-09-21 11:59:41,239 - ERROR - Error saving output file: name 'openpyxl' is not defined
2024-09-24 12:58:03,597 - ERROR - Error saving output file: name 'openpyxl' is not defined
2024-09-24 12:59:58,275 - ERROR - Error saving output file: name 'openpyxl' is not defined
2024-09-24 13:01:35,879 - ERROR - Error saving output file: name 'openpyxl' is not defined
2024-09-25 15:05:23,802 - ERROR - Error saving output file: name 'openpyxl' is not defined
2024-09-26 12:10:44,544 - ERROR - Error saving output file: name 'openpyxl' is not defined
2024-09-26 12:25:44,934 - ERROR - Error saving output file: name 'openpyxl' is not defined
2024-09-26 12:45:34,114 - ERROR - Error saving output file: name 'openpyxl' is not defined
2024-09-26 13:17:22,699 - ERROR - Error saving output file: name 'openpyxl' is not defined
2024-09-27 12:49:10,304 - ERROR - Error saving output file: name 'openpyxl' is not defined
2024-09-27 15:55:33,608 - ERROR - Error saving output file: name 'openpyxl' is not defined
2024-09-27 15:56:59,750 - ERROR - Error processing Intransit file \\tata_server\TATASERVER\OGYS\September\TATA CVBU\Asthvinayak\27 Sep\Base OD\intransit\OEMInvoice.xlsx: 'Status'
2024-09-27 15:57:00,336 - ERROR - Error saving output file: name 'openpyxl' is not defined
2024-09-28 12:57:57,927 - ERROR - Error saving output file: name 'openpyxl' is not defined
2024-09-28 12:59:56,597 - ERROR - Error saving output file: name 'openpyxl' is not defined
2024-09-28 13:00:31,921 - ERROR - Error saving output file: name 'openpyxl' is not defined
2024-09-30 11:58:19,629 - ERROR - Error saving output file: name 'openpyxl' is not defined
2024-10-01 13:42:42,925 - ERROR - Error saving output file: name 'openpyxl' is not defined
2024-10-01 16:23:41,198 - ERROR - Error saving output file: name 'openpyxl' is not defined
2024-10-01 18:20:05,436 - ERROR - Error saving output file: name 'openpyxl' is not defined
2024-10-01 18:49:27,582 - ERROR - Error saving output file: name 'openpyxl' is not defined
2024-10-03 12:20:15,724 - ERROR - Error saving output file: name 'openpyxl' is not defined
2024-10-03 12:41:12,166 - ERROR - Error saving output file: name 'openpyxl' is not defined
2024-10-03 12:42:36,978 - ERROR - Error saving output file: name 'openpyxl' is not defined
2024-10-03 13:03:34,203 - ERROR - Error saving output file: name 'openpyxl' is not defined
2024-10-03 18:12:30,134 - ERROR - Failed to read file : Unsupported file format
2024-10-03 18:13:32,731 - ERROR - Error saving output file: name 'openpyxl' is not defined
2024-10-03 18:14:34,312 - ERROR - Error saving output file: name 'openpyxl' is not defined
2024-10-03 18:20:17,987 - ERROR - Error saving output file: name 'openpyxl' is not defined
2024-10-04 17:15:02,303 - ERROR - Error saving output file: name 'openpyxl' is not defined
2024-10-04 18:02:45,052 - ERROR - Error saving output file: name 'openpyxl' is not defined
2024-10-05 11:26:38,254 - ERROR - Error saving output file: name 'openpyxl' is not defined
2024-10-05 11:29:41,294 - ERROR - Error saving output file: name 'openpyxl' is not defined
2024-10-05 11:32:08,955 - ERROR - Error saving output file: name 'openpyxl' is not defined
2024-10-05 12:09:24,145 - ERROR - Error saving output file: name 'openpyxl' is not defined
2024-10-05 16:32:07,418 - ERROR - Error saving output file: name 'openpyxl' is not defined
2024-10-07 18:02:16,850 - ERROR - Error processing SAP file //tata_server/TATASERVER/OGYS/October/TATA CVBU/Binod Cv/Back Order/SAP Purchase BO.xlsx: the first argument must be callable
2024-10-07 18:02:21,323 - ERROR - Error processing Intransit file \\tata_server\TATASERVER\OGYS\October\TATA CVBU\Binod Cv\In Transit\In Transit.xlsx: the first argument must be callable
2024-10-07 18:02:21,325 - ERROR - Error occurred: "None of [Index(['Location', 'OrderNumber', 'OrderDate', 'PartNumber', 'POQty'], dtype='object')] are in the [columns]"
2024-10-07 18:06:25,683 - ERROR - Error saving output file: name 'openpyxl' is not defined
2024-10-07 18:07:21,357 - ERROR - Error saving output file: name 'openpyxl' is not defined
2024-10-08 12:09:24,080 - ERROR - Error saving output file: name 'openpyxl' is not defined
2024-10-08 12:11:25,645 - ERROR - Error saving output file: name 'openpyxl' is not defined
2024-10-08 13:41:30,285 - ERROR - Error saving output file: name 'openpyxl' is not defined
2024-10-08 13:47:06,853 - ERROR - Error saving output file: name 'openpyxl' is not defined
2024-10-08 17:54:53,676 - ERROR - Error saving output file: name 'openpyxl' is not defined
2024-10-09 17:45:38,036 - ERROR - Error processing SAP file //Tata_Server/TATASERVER/OGYS/October/TATA CVBU/Roshan CVBU/09 Oct/Base OD/SAP Purchase Back Order Report (10).xlsx: File //Tata_Server/TATASERVER/OGYS/October/TATA CVBU/Roshan CVBU/09 Oct/Base OD/SAP Purchase Back Order Report (10).xlsx does not contain required columns.
2024-10-09 17:45:45,526 - ERROR - Error saving output file: name 'openpyxl' is not defined
2024-10-10 11:07:20,658 - ERROR - Error saving output file: name 'openpyxl' is not defined
2024-10-10 16:02:14,513 - ERROR - Error saving output file: name 'openpyxl' is not defined
2024-10-10 16:06:16,587 - ERROR - Error saving output file: name 'openpyxl' is not defined
2024-10-10 16:16:48,556 - ERROR - Error saving output file: name 'openpyxl' is not defined
2024-10-10 17:18:48,419 - ERROR - Error saving output file: name 'openpyxl' is not defined
2024-10-10 17:24:41,876 - ERROR - Error saving output file: name 'openpyxl' is not defined
2024-10-11 11:56:30,863 - ERROR - Error saving output file: name 'openpyxl' is not defined
2024-10-11 12:10:04,325 - ERROR - Error saving output file: name 'openpyxl' is not defined
2024-10-11 17:56:00,517 - ERROR - Error saving output file: name 'openpyxl' is not defined
2024-10-11 18:33:19,357 - ERROR - Error saving output file: name 'openpyxl' is not defined
2024-10-14 10:58:32,930 - ERROR - Error saving output file: name 'openpyxl' is not defined
2024-10-14 12:11:28,731 - ERROR - Error saving output file: name 'openpyxl' is not defined
2024-10-14 12:33:00,143 - ERROR - Error saving output file: name 'openpyxl' is not defined
2024-10-14 15:56:21,810 - ERROR - Error saving output file: name 'openpyxl' is not defined
2024-10-15 10:50:07,218 - ERROR - Error saving output file: name 'openpyxl' is not defined
2024-10-15 11:43:01,969 - ERROR - Error processing Intransit file \\Tata_Server\TATASERVER\OGYS\October\TATA CVBU\Lexus\15 Oct\Base OD\Intra All\Intra All.xlsx: 'Location'
2024-10-15 11:43:01,972 - ERROR - Error occurred: "None of [Index(['Location', 'OrderNumber', 'OrderDate', 'PartNumber', 'POQty'], dtype='object')] are in the [columns]"
2024-10-15 11:51:35,166 - ERROR - Error saving output file: name 'openpyxl' is not defined
2024-10-15 11:52:21,896 - ERROR - Error saving output file: name 'openpyxl' is not defined
2024-10-15 12:48:28,848 - ERROR - Error processing Intransit file \\Tata_Server\TATASERVER\OGYS\October\TATA CVBU\Lexus\15 Oct\Base OD\Intra All\Intra All.xlsx: 'Location'
2024-10-15 12:48:28,850 - ERROR - Error occurred: "None of [Index(['Location', 'OrderNumber', 'OrderDate', 'PartNumber', 'POQty'], dtype='object')] are in the [columns]"
2024-10-15 12:57:54,942 - ERROR - Error saving output file: name 'openpyxl' is not defined
2024-10-15 12:59:19,738 - ERROR - Error saving output file: name 'openpyxl' is not defined
2024-10-15 13:00:17,349 - ERROR - Error saving output file: name 'openpyxl' is not defined
2024-10-15 13:01:33,562 - ERROR - Error saving output file: name 'openpyxl' is not defined
2024-10-15 17:12:26,147 - ERROR - Error saving output file: name 'openpyxl' is not defined
2024-10-16 17:08:22,427 - ERROR - Error processing Intransit file \\Tata_Server\TATASERVER\OGYS\October\TATA CVBU\Kohli & Sons\16 Oct\Intra\Intra Johrat Retail.xlsx: 'Location'
2024-10-16 17:08:33,329 - ERROR - Error saving output file: name 'openpyxl' is not defined
2024-10-17 11:45:23,661 - ERROR - Error saving output file: name 'openpyxl' is not defined
2024-10-17 11:46:26,619 - ERROR - Error saving output file: name 'openpyxl' is not defined
2024-10-17 11:58:15,202 - ERROR - Error saving output file: name 'openpyxl' is not defined
2024-10-17 12:51:36,153 - ERROR - Error saving output file: name 'openpyxl' is not defined
2024-10-17 13:02:42,955 - ERROR - Error saving output file: name 'openpyxl' is not defined
2024-10-17 13:13:31,244 - ERROR - Error saving output file: name 'openpyxl' is not defined
2024-10-18 11:31:28,505 - ERROR - Error saving output file: name 'openpyxl' is not defined
2024-10-18 12:41:29,723 - ERROR - Error saving output file: name 'openpyxl' is not defined
2024-10-18 13:48:10,071 - ERROR - Error saving output file: name 'openpyxl' is not defined
2024-10-18 16:08:08,104 - ERROR - Error processing Intransit file \\Tata_Server\TATASERVER\OGYS\October\TATA CVBU\Dada Motors\16 Oct\intra\Intra All.xlsx: time data "Invoice_Date" doesn't match format "%d/%m/%Y", at position 287. You might want to try:
    - passing `format` if your strings have a consistent format;
    - passing `format='ISO8601'` if your strings are all ISO8601 but not necessarily in exactly the same format;
    - passing `format='mixed'`, and the format will be inferred for each element individually. You might want to use `dayfirst` alongside this.
2024-10-18 16:08:08,119 - ERROR - Error occurred: "None of [Index(['Location', 'OrderNumber', 'OrderDate', 'PartNumber', 'POQty'], dtype='object')] are in the [columns]"
2024-10-18 16:24:43,925 - ERROR - Error saving output file: name 'openpyxl' is not defined
2024-10-18 16:50:35,670 - ERROR - Error saving output file: name 'openpyxl' is not defined
2024-10-19 15:31:45,894 - ERROR - Error saving output file: name 'openpyxl' is not defined
2024-10-21 12:25:02,819 - ERROR - Error saving output file: name 'openpyxl' is not defined
2024-10-21 17:16:16,891 - ERROR - Error saving output file: name 'openpyxl' is not defined
2024-10-21 17:49:34,221 - ERROR - Error saving output file: name 'openpyxl' is not defined
2024-10-22 11:26:08,537 - ERROR - Error saving output file: name 'openpyxl' is not defined
2024-10-22 12:28:43,778 - ERROR - Error saving output file: name 'openpyxl' is not defined
2024-10-22 13:37:58,602 - ERROR - Error saving output file: name 'openpyxl' is not defined
2024-10-22 15:22:30,297 - ERROR - Error saving output file: name 'openpyxl' is not defined
2024-10-22 16:01:35,421 - ERROR - Error saving output file: name 'openpyxl' is not defined
2024-10-23 10:55:09,999 - ERROR - Error saving output file: name 'openpyxl' is not defined
2024-10-23 11:03:46,707 - ERROR - Error saving output file: name 'openpyxl' is not defined
2024-10-23 12:15:37,667 - ERROR - Error processing SAP file //Tata_Server/TATASERVER/OGYS/October/TATA CVBU/Ganganagar motors/23 Oct/DATA/Back order/SAP Purchase Back Order Report.xlsx: File //Tata_Server/TATASERVER/OGYS/October/TATA CVBU/Ganganagar motors/23 Oct/DATA/Back order/SAP Purchase Back Order Report.xlsx does not contain required columns.
2024-10-23 12:15:40,698 - ERROR - Error saving output file: name 'openpyxl' is not defined
2024-10-23 13:53:14,256 - ERROR - Failed to read file \\Tata_Server\TATASERVER\OGYS\October\TATA CVBU\Triumph 480\23 Oct\Base OD: Unsupported file format
2024-10-23 13:53:14,256 - ERROR - Error processing Intransit file \\Tata_Server\TATASERVER\OGYS\October\TATA CVBU\Triumph 480\23 Oct\Base OD: Unsupported file format
2024-10-23 13:53:14,256 - ERROR - Failed to read file \\Tata_Server\TATASERVER\OGYS\October\TATA CVBU\Triumph 480\23 Oct\Scope OD: Unsupported file format
2024-10-23 13:53:14,256 - ERROR - Error processing Intransit file \\Tata_Server\TATASERVER\OGYS\October\TATA CVBU\Triumph 480\23 Oct\Scope OD: Unsupported file format
2024-10-23 13:53:14,256 - ERROR - Error occurred: "None of [Index(['Location', 'OrderNumber', 'OrderDate', 'PartNumber', 'POQty'], dtype='object')] are in the [columns]"
2024-10-23 13:55:03,544 - ERROR - Error saving output file: name 'openpyxl' is not defined
2024-10-23 13:56:01,477 - ERROR - Error saving output file: Cannot save file into a non-existent directory: '\\Tata_Server\TATASERVER\OGYS\October\TATA CVBU\Triumph 7600\23 Oct\Scope OD'
2024-10-23 13:56:55,974 - ERROR - Error saving output file: name 'openpyxl' is not defined
2024-10-24 12:11:54,685 - ERROR - Error saving output file: name 'openpyxl' is not defined
2024-10-24 13:03:07,033 - ERROR - Failed to read file : Unsupported file format
2024-10-24 13:04:22,570 - ERROR - Error saving output file: name 'openpyxl' is not defined
2024-10-24 18:30:30,285 - ERROR - Error saving output file: name 'openpyxl' is not defined
2024-10-25 11:59:34,274 - ERROR - Error saving output file: name 'openpyxl' is not defined
2024-10-25 13:23:04,585 - ERROR - Error saving output file: name 'openpyxl' is not defined
2024-10-25 15:28:08,083 - ERROR - Error saving output file: name 'openpyxl' is not defined
2024-10-25 16:05:06,701 - ERROR - Error saving output file: name 'openpyxl' is not defined
2024-10-25 16:09:00,360 - ERROR - Error saving output file: name 'openpyxl' is not defined
2024-10-26 11:25:45,487 - ERROR - Error processing SAP file //tata_server/TATASERVER/OGYS/October/TATA CVBU/MG MOTOR/26-oct/SAP Purchase Back Order Report.xlsx: File //tata_server/TATASERVER/OGYS/October/TATA CVBU/MG MOTOR/26-oct/SAP Purchase Back Order Report.xlsx does not contain required columns.
2024-10-26 11:26:12,482 - ERROR - Error saving output file: name 'openpyxl' is not defined
2024-10-26 13:02:47,394 - ERROR - Error saving output file: name 'openpyxl' is not defined
2024-10-26 15:17:08,174 - ERROR - Error saving output file: name 'openpyxl' is not defined
2024-10-28 13:45:15,653 - ERROR - Error saving output file: name 'openpyxl' is not defined
2024-10-28 13:56:39,192 - ERROR - Error saving output file: name 'openpyxl' is not defined
2024-10-28 15:49:55,614 - ERROR - Error saving output file: name 'openpyxl' is not defined
2024-10-28 16:04:07,476 - ERROR - Error processing Intransit file \\tata_server\TATASERVER\OGYS\October\TATA CVBU\OM Auto\28-OCT\INTRA\Current Inventory Valuation - Detailed OM AUTO.xlsx: 'PartNumber'
2024-10-28 16:04:22,814 - ERROR - Error saving output file: name 'openpyxl' is not defined
2024-10-28 16:20:18,135 - ERROR - Error saving output file: name 'openpyxl' is not defined
2024-10-28 16:38:42,158 - ERROR - Error saving output file: name 'openpyxl' is not defined
2024-10-28 17:44:30,526 - ERROR - Error saving output file: name 'openpyxl' is not defined
2024-10-28 18:05:04,924 - ERROR - Error saving output file: name 'openpyxl' is not defined
2024-10-29 10:55:18,011 - ERROR - Error saving output file: name 'openpyxl' is not defined
2024-11-05 13:56:30,374 - ERROR - Error saving output file: name 'openpyxl' is not defined
2024-11-05 13:57:19,704 - ERROR - Error processing SAP file T:/OGYS/NOV 24/November 2024/TATA CVBU/EXCEL VEHICLES/5-11/SAP Purchase Back Order Report (11).xlsx: File T:/OGYS/NOV 24/November 2024/TATA CVBU/EXCEL VEHICLES/5-11/SAP Purchase Back Order Report (11).xlsx does not contain required columns.
2024-11-05 13:57:27,251 - ERROR - Error saving output file: name 'openpyxl' is not defined
2024-11-05 13:58:18,878 - ERROR - Error saving output file: name 'openpyxl' is not defined
2024-11-05 15:54:23,878 - ERROR - Error saving output file: name 'openpyxl' is not defined
2024-11-05 18:29:59,824 - ERROR - Error saving output file: name 'openpyxl' is not defined
2024-11-05 18:42:00,648 - ERROR - Error saving output file: name 'openpyxl' is not defined
2024-11-06 13:29:02,289 - ERROR - Error processing SAP file //Tata_Server/TATASERVER/OGYS/NOV 24/CVBU/Jaika/06 Nov/SAP Purchase Back Order Report-3.xlsx: File //Tata_Server/TATASERVER/OGYS/NOV 24/CVBU/Jaika/06 Nov/SAP Purchase Back Order Report-3.xlsx does not contain required columns.
2024-11-06 13:29:10,024 - ERROR - Error saving output file: name 'openpyxl' is not defined
2024-11-06 15:31:48,479 - ERROR - Error saving output file: name 'openpyxl' is not defined
2024-11-06 15:36:31,443 - ERROR - Failed to read file : Unsupported file format
2024-11-06 15:37:25,430 - ERROR - Error processing SAP file //tata_server/TATASERVER/OGYS/NOV 24/November 2024/TATA CVBU/MG Motors/6-11/SAP Purchase Back Order Report (13).xlsx: File //tata_server/TATASERVER/OGYS/NOV 24/November 2024/TATA CVBU/MG Motors/6-11/SAP Purchase Back Order Report (13).xlsx does not contain required columns.
2024-11-06 15:37:35,080 - ERROR - Error saving output file: name 'openpyxl' is not defined
2024-11-07 10:20:04,053 - ERROR - Error saving output file: name 'openpyxl' is not defined
2024-11-07 13:48:02,357 - ERROR - Error saving output file: name 'openpyxl' is not defined
2024-11-07 15:57:42,480 - ERROR - Error saving output file: name 'openpyxl' is not defined
2024-11-07 16:00:36,155 - ERROR - Error saving output file: name 'openpyxl' is not defined
2024-11-07 16:12:27,561 - ERROR - Error saving output file: name 'openpyxl' is not defined
2024-11-07 16:13:33,931 - ERROR - Error saving output file: name 'openpyxl' is not defined
2024-11-07 16:14:43,877 - ERROR - Error saving output file: name 'openpyxl' is not defined
2024-11-07 17:28:53,800 - ERROR - Error saving output file: name 'openpyxl' is not defined
2024-11-07 18:47:44,959 - ERROR - Error saving output file: name 'openpyxl' is not defined
2024-11-07 18:48:38,390 - ERROR - Error saving output file: name 'openpyxl' is not defined
2024-11-07 18:49:48,179 - ERROR - Error saving output file: name 'openpyxl' is not defined
2024-11-08 17:04:01,296 - ERROR - Error processing Intransit file \\tata_server\TATASERVER\OGYS\NOV 24\November 2024\TATA CVBU\OSL Automotives\8-11\intra\intra all.xlsx: time data "11" doesn't match format "%d/%m/%Y", at position 0. You might want to try:
    - passing `format` if your strings have a consistent format;
    - passing `format='ISO8601'` if your strings are all ISO8601 but not necessarily in exactly the same format;
    - passing `format='mixed'`, and the format will be inferred for each element individually. You might want to use `dayfirst` alongside this.
2024-11-08 17:04:01,306 - ERROR - Error occurred: "None of [Index(['Location', 'OrderNumber', 'OrderDate', 'PartNumber', 'POQty'], dtype='object')] are in the [columns]"
2024-11-08 17:07:38,838 - ERROR - Error processing Intransit file \\tata_server\TATASERVER\OGYS\NOV 24\November 2024\TATA CVBU\OSL Automotives\8-11\intra\intra all.xlsx: time data "11" doesn't match format "%d/%m/%Y", at position 0. You might want to try:
    - passing `format` if your strings have a consistent format;
    - passing `format='ISO8601'` if your strings are all ISO8601 but not necessarily in exactly the same format;
    - passing `format='mixed'`, and the format will be inferred for each element individually. You might want to use `dayfirst` alongside this.
2024-11-08 17:07:38,844 - ERROR - Error occurred: "None of [Index(['Location', 'OrderNumber', 'OrderDate', 'PartNumber', 'POQty'], dtype='object')] are in the [columns]"
2024-11-08 17:10:47,676 - ERROR - Error saving output file: name 'openpyxl' is not defined
2024-11-08 17:14:28,587 - ERROR - Error saving output file: name 'openpyxl' is not defined
2024-11-09 12:38:59,479 - ERROR - Error saving output file: name 'openpyxl' is not defined
2024-11-09 13:20:24,011 - ERROR - Error saving output file: name 'openpyxl' is not defined
2024-11-09 13:24:24,533 - ERROR - Error saving output file: name 'openpyxl' is not defined
2024-11-09 15:38:49,329 - ERROR - Error processing SAP file //tata_server/TATASERVER/OGYS/NOV 24/November 2024/TATA CVBU/GNG Auto/9-11/SAP Purchase Back Order Report (21).xlsx: File //tata_server/TATASERVER/OGYS/NOV 24/November 2024/TATA CVBU/GNG Auto/9-11/SAP Purchase Back Order Report (21).xlsx does not contain required columns.
2024-11-09 15:39:00,874 - ERROR - Error saving output file: name 'openpyxl' is not defined
2024-11-09 16:22:07,400 - ERROR - Error saving output file: name 'openpyxl' is not defined
2024-11-11 12:08:07,655 - ERROR - Error saving output file: name 'openpyxl' is not defined
2024-11-11 17:20:55,092 - ERROR - Error saving output file: name 'openpyxl' is not defined
2024-11-11 17:21:37,470 - ERROR - Error saving output file: name 'openpyxl' is not defined
2024-11-11 17:22:14,681 - ERROR - Error saving output file: name 'openpyxl' is not defined
2024-11-11 17:22:38,912 - ERROR - Error saving output file: name 'openpyxl' is not defined
2024-11-12 11:20:45,306 - ERROR - Error saving output file: name 'openpyxl' is not defined
2024-11-12 11:48:39,429 - ERROR - Error saving output file: name 'openpyxl' is not defined
2024-11-12 11:59:20,867 - ERROR - Error saving output file: name 'openpyxl' is not defined
2024-11-12 12:28:14,832 - ERROR - Error saving output file: name 'openpyxl' is not defined
2024-11-12 12:29:37,119 - ERROR - Error saving output file: name 'openpyxl' is not defined
2024-11-12 13:05:38,167 - ERROR - Error saving output file: name 'openpyxl' is not defined
2024-11-13 11:45:10,596 - ERROR - Error saving output file: name 'openpyxl' is not defined
2024-11-13 12:14:43,876 - ERROR - Error saving output file: name 'openpyxl' is not defined
2024-11-14 11:52:03,100 - ERROR - Error saving output file: name 'openpyxl' is not defined
2024-11-14 17:33:52,783 - ERROR - Error saving output file: name 'openpyxl' is not defined
2024-11-15 11:34:33,766 - ERROR - Error saving output file: name 'openpyxl' is not defined
2024-11-15 12:17:11,643 - ERROR - Error saving output file: name 'openpyxl' is not defined
2024-11-15 12:53:52,338 - ERROR - Error saving output file: name 'openpyxl' is not defined
2024-11-15 13:27:57,600 - ERROR - Error saving output file: name 'openpyxl' is not defined
2024-11-15 17:03:42,671 - ERROR - Error saving output file: name 'openpyxl' is not defined
2024-11-15 17:04:25,944 - ERROR - Error processing Intransit file \\Tata_Server\TATASERVER\OGYS\NOV 24\CVBU\Kohli & Sons\14 Nov\INtra\Intra.xlsx: time data "11" doesn't match format "%d/%m/%Y", at position 0. You might want to try:
    - passing `format` if your strings have a consistent format;
    - passing `format='ISO8601'` if your strings are all ISO8601 but not necessarily in exactly the same format;
    - passing `format='mixed'`, and the format will be inferred for each element individually. You might want to use `dayfirst` alongside this.
2024-11-15 17:04:26,630 - ERROR - Error saving output file: name 'openpyxl' is not defined
2024-11-15 17:05:22,933 - ERROR - Error saving output file: name 'openpyxl' is not defined
2024-11-16 10:51:22,456 - ERROR - Error saving output file: name 'openpyxl' is not defined
2024-11-16 12:49:13,048 - ERROR - Error saving output file: name 'openpyxl' is not defined
2024-11-16 13:09:03,503 - ERROR - Error saving output file: name 'openpyxl' is not defined
2024-11-16 13:09:58,903 - ERROR - Error saving output file: name 'openpyxl' is not defined
2024-11-16 13:12:33,840 - ERROR - Error saving output file: name 'openpyxl' is not defined
2024-11-16 13:17:28,530 - ERROR - Error saving output file: name 'openpyxl' is not defined
2024-11-16 16:21:15,924 - ERROR - Error saving output file: name 'openpyxl' is not defined
2024-11-16 16:43:58,575 - ERROR - Error saving output file: name 'openpyxl' is not defined
2024-11-18 11:44:55,843 - ERROR - Error saving output file: name 'openpyxl' is not defined
2024-11-19 10:56:41,972 - ERROR - Error saving output file: name 'openpyxl' is not defined
2024-11-19 12:11:14,295 - ERROR - Failed to read file : Unsupported file format
2024-11-19 12:12:31,996 - ERROR - Failed to read file \\tata_server\TATASERVER\OGYS\NOV 24\November 2024\TATA CVBU\DIAMOND WHEELS\19-11\intra\~$all intra.xlsx: Excel file format cannot be determined, you must specify an engine manually.
2024-11-19 12:12:31,997 - ERROR - Error processing Intransit file \\tata_server\TATASERVER\OGYS\NOV 24\November 2024\TATA CVBU\DIAMOND WHEELS\19-11\intra\~$all intra.xlsx: Excel file format cannot be determined, you must specify an engine manually.
2024-11-19 12:12:34,143 - ERROR - Error saving output file: name 'openpyxl' is not defined
2024-11-19 12:14:33,250 - ERROR - Error saving output file: name 'openpyxl' is not defined
2024-11-19 12:14:44,922 - ERROR - Error saving output file: name 'openpyxl' is not defined
2024-11-19 12:25:50,189 - ERROR - Error saving output file: name 'openpyxl' is not defined
2024-11-19 16:51:27,470 - ERROR - Error saving output file: name 'openpyxl' is not defined
2024-11-19 16:52:30,460 - ERROR - Error saving output file: name 'openpyxl' is not defined
2024-11-20 12:57:08,949 - ERROR - Error saving output file: name 'openpyxl' is not defined
2024-11-20 17:02:31,433 - ERROR - Error saving output file: name 'openpyxl' is not defined
2024-11-21 11:28:29,302 - ERROR - Error saving output file: name 'openpyxl' is not defined
2024-11-21 11:38:43,311 - ERROR - Error saving output file: name 'openpyxl' is not defined
2024-11-21 12:40:46,283 - ERROR - Error saving output file: name 'openpyxl' is not defined
2024-11-21 15:42:38,988 - ERROR - Error saving output file: name 'openpyxl' is not defined
2024-11-21 15:46:51,840 - ERROR - Error saving output file: name 'openpyxl' is not defined
2024-11-21 16:39:35,906 - ERROR - Error saving output file: name 'openpyxl' is not defined
2024-11-21 16:41:57,262 - ERROR - Error saving output file: name 'openpyxl' is not defined
2024-11-21 16:48:38,660 - ERROR - Error saving output file: name 'openpyxl' is not defined
2024-11-21 16:53:07,696 - ERROR - Error saving output file: name 'openpyxl' is not defined
2024-11-22 11:58:41,954 - ERROR - Error saving output file: name 'openpyxl' is not defined
2024-11-22 13:52:31,641 - ERROR - Error saving output file: name 'openpyxl' is not defined
2024-11-23 10:56:14,965 - ERROR - Error processing SAP file //tata_server/TATASERVER/OGYS/NOV 24/November 2024/TATA CVBU/VIKRAMSHILA AUTO/23-11/SAP Purchase Back Order Report (34).xlsx: File //tata_server/TATASERVER/OGYS/NOV 24/November 2024/TATA CVBU/VIKRAMSHILA AUTO/23-11/SAP Purchase Back Order Report (34).xlsx does not contain required columns.
2024-11-23 10:56:31,120 - ERROR - Error saving output file: name 'openpyxl' is not defined
2024-11-23 11:15:09,715 - ERROR - Error saving output file: name 'openpyxl' is not defined
2024-11-23 11:34:15,201 - ERROR - Error saving output file: name 'openpyxl' is not defined
2024-11-23 11:35:25,542 - ERROR - Error saving output file: name 'openpyxl' is not defined
2024-11-23 11:35:54,018 - ERROR - Error saving output file: name 'openpyxl' is not defined
2024-11-25 12:26:18,238 - ERROR - Error saving output file: name 'openpyxl' is not defined
2024-11-25 13:17:18,399 - ERROR - Error saving output file: name 'openpyxl' is not defined
2024-11-26 10:40:00,691 - ERROR - Error saving output file: name 'openpyxl' is not defined
2024-11-26 10:40:39,118 - ERROR - Error saving output file: name 'openpyxl' is not defined
2024-11-26 10:41:20,434 - ERROR - Error saving output file: name 'openpyxl' is not defined
2024-11-26 10:42:02,235 - ERROR - Error saving output file: name 'openpyxl' is not defined
2024-11-26 11:03:30,658 - ERROR - Error saving output file: name 'openpyxl' is not defined
2024-11-26 11:05:19,359 - ERROR - Error saving output file: name 'openpyxl' is not defined
2024-11-26 11:37:55,870 - ERROR - Error saving output file: name 'openpyxl' is not defined
2024-11-26 11:46:35,621 - ERROR - Error saving output file: name 'openpyxl' is not defined
2024-11-26 13:31:22,029 - ERROR - Error saving output file: name 'openpyxl' is not defined
2024-11-28 11:44:15,778 - ERROR - Error saving output file: name 'openpyxl' is not defined
2024-11-28 11:46:03,571 - ERROR - Error saving output file: name 'openpyxl' is not defined
2024-11-29 12:06:29,889 - ERROR - Error processing SAP file //tata_server/TATASERVER/OGYS/NOV 24/November 2024/TATA CVBU/OSL Automotives/29-11/SAP Purchase Back Order Report (45).xlsx: File //tata_server/TATASERVER/OGYS/NOV 24/November 2024/TATA CVBU/OSL Automotives/29-11/SAP Purchase Back Order Report (45).xlsx does not contain required columns.
2024-11-29 12:06:52,328 - ERROR - Error saving output file: name 'openpyxl' is not defined
2024-11-29 12:07:36,001 - ERROR - Error processing Intransit file \\tata_server\TATASERVER\OGYS\NOV 24\November 2024\TATA CVBU\Matsya Comm\29-11\INTRA\intra matsya.xlsx: time data "8" doesn't match format "%d/%m/%Y", at position 0. You might want to try:
    - passing `format` if your strings have a consistent format;
    - passing `format='ISO8601'` if your strings are all ISO8601 but not necessarily in exactly the same format;
    - passing `format='mixed'`, and the format will be inferred for each element individually. You might want to use `dayfirst` alongside this.
2024-11-29 12:07:36,007 - ERROR - Error occurred: "None of [Index(['Location', 'OrderNumber', 'OrderDate', 'PartNumber', 'POQty'], dtype='object')] are in the [columns]"
2024-11-29 12:10:51,069 - ERROR - Error saving output file: name 'openpyxl' is not defined
2024-11-29 12:13:49,566 - ERROR - Error saving output file: name 'openpyxl' is not defined
2024-11-30 11:52:10,919 - ERROR - Error occurred: "None of [Index(['Location', 'OrderNumber', 'OrderDate', 'PartNumber', 'POQty'], dtype='object')] are in the [columns]"
2024-11-30 11:59:55,209 - ERROR - Error saving output file: name 'openpyxl' is not defined
2024-11-30 12:01:06,110 - ERROR - Error saving output file: name 'openpyxl' is not defined
2024-12-03 13:25:38,927 - ERROR - Error saving output file: name 'openpyxl' is not defined
2024-12-03 13:27:09,837 - ERROR - Error saving output file: name 'openpyxl' is not defined
2024-12-03 13:29:30,709 - ERROR - Error saving output file: name 'openpyxl' is not defined
2024-12-05 12:28:32,826 - ERROR - Error saving output file: name 'openpyxl' is not defined
2024-12-05 13:20:05,097 - ERROR - Error saving output file: name 'openpyxl' is not defined
2024-12-05 13:21:23,916 - ERROR - Error saving output file: name 'openpyxl' is not defined
2024-12-05 15:04:06,478 - ERROR - Error saving output file: name 'openpyxl' is not defined
2024-12-05 15:10:18,719 - ERROR - Error processing Intransit file \\tata_server\TATASERVER\OGYS\December 2024\TATA CVBU\Bhandari Auto\5 Dec\intransit\purchase kapasdanga.xlsx: 'Location'
2024-12-05 15:11:00,340 - ERROR - Error saving output file: name 'openpyxl' is not defined
2024-12-06 15:16:29,950 - ERROR - Error saving output file: name 'openpyxl' is not defined
2024-12-06 15:17:39,320 - ERROR - Error saving output file: name 'openpyxl' is not defined
2024-12-06 16:56:16,693 - ERROR - Error saving output file: name 'openpyxl' is not defined
2024-12-07 11:03:20,776 - ERROR - Error saving output file: name 'openpyxl' is not defined
2024-12-07 12:25:15,815 - ERROR - Error processing SAP file //tata_server/TATASERVER/OGYS/December 2024/TATA CVBU/VIKRAMSHILA AUTO/7- DEC/SCOPE OD/stock upload.xlsx: File //tata_server/TATASERVER/OGYS/December 2024/TATA CVBU/VIKRAMSHILA AUTO/7- DEC/SCOPE OD/stock upload.xlsx does not contain required columns.
2024-12-07 12:25:26,191 - ERROR - Error saving output file: name 'openpyxl' is not defined
2024-12-07 12:31:36,095 - ERROR - Error saving output file: name 'openpyxl' is not defined
2024-12-09 11:50:36,870 - ERROR - Error saving output file: name 'openpyxl' is not defined
2024-12-10 11:25:26,193 - ERROR - Error saving output file: name 'openpyxl' is not defined
2024-12-10 11:26:08,955 - ERROR - Error saving output file: name 'openpyxl' is not defined
2024-12-10 11:27:10,389 - ERROR - Error saving output file: name 'openpyxl' is not defined
2024-12-10 12:31:04,938 - ERROR - Error saving output file: name 'openpyxl' is not defined
2024-12-10 12:42:03,599 - ERROR - Error saving output file: name 'openpyxl' is not defined
2024-12-12 11:52:38,779 - ERROR - Error saving output file: name 'openpyxl' is not defined
2024-12-12 16:18:02,016 - ERROR - Error saving output file: name 'openpyxl' is not defined
2024-12-12 17:24:16,808 - ERROR - Error saving output file: name 'openpyxl' is not defined
2024-12-13 13:12:58,347 - ERROR - Error saving output file: name 'openpyxl' is not defined
2024-12-13 13:22:49,270 - ERROR - Error saving output file: name 'openpyxl' is not defined
2024-12-14 11:41:34,449 - ERROR - Error saving output file: name 'openpyxl' is not defined
2024-12-14 11:42:13,389 - ERROR - Error saving output file: name 'openpyxl' is not defined
2024-12-14 15:25:35,231 - ERROR - Error saving output file: name 'openpyxl' is not defined
2024-12-16 12:26:17,099 - ERROR - Error saving output file: name 'openpyxl' is not defined
2024-12-17 10:48:32,621 - ERROR - Error saving output file: name 'openpyxl' is not defined
2024-12-17 11:52:51,551 - ERROR - Error saving output file: name 'openpyxl' is not defined
2024-12-17 11:54:08,868 - ERROR - Error saving output file: name 'openpyxl' is not defined
2024-12-17 11:54:58,487 - ERROR - Error saving output file: name 'openpyxl' is not defined
2024-12-17 13:10:37,399 - ERROR - Error saving output file: name 'openpyxl' is not defined
2024-12-17 16:12:11,759 - ERROR - Error saving output file: name 'openpyxl' is not defined
